  [4;36;1mSQL (0.1ms)[0m   [0;1mSET NAMES 'utf8'[0m
  [4;35;1mSQL (0.1ms)[0m   [0mSET SQL_AUTO_IS_NULL=0[0m
  [4;36;1mSQL (8.7ms)[0m   [0;1mSHOW TABLES[0m
  [4;35;1mSQL (77.3ms)[0m   [0mCREATE TABLE `schema_migrations` (`version` varchar(255) NOT NULL) ENGINE=InnoDB[0m
  [4;36;1mSQL (187.3ms)[0m   [0;1mCREATE UNIQUE INDEX `unique_schema_migrations` ON `schema_migrations` (`version`)[0m
  [4;35;1mSQL (2.1ms)[0m   [0mSHOW TABLES[0m
  [4;36;1mSQL (0.4ms)[0m   [0;1mSELECT version FROM schema_migrations[0m
Migrating to CreateRecruits (20100313012105)
  [4;35;1mSQL (87.9ms)[0m   [0mCREATE TABLE `recruits` (`id` int(11) DEFAULT NULL auto_increment PRIMARY KEY, `name` varchar(255), `email` varchar(255), `phone` varchar(255), `created_at` datetime, `updated_at` datetime) ENGINE=InnoDB[0m
  [4;36;1mSQL (0.7ms)[0m   [0;1mINSERT INTO schema_migrations (version) VALUES ('20100313012105')[0m
  [4;35;1mSQL (0.5ms)[0m   [0mSHOW TABLES[0m
  [4;36;1mSQL (0.2ms)[0m   [0;1mSELECT version FROM schema_migrations[0m
  [4;35;1mSQL (0.3ms)[0m   [0mSHOW TABLES[0m
  [4;36;1mSQL (3.0ms)[0m   [0;1mSHOW FIELDS FROM `recruits`[0m
  [4;35;1mSQL (2.6ms)[0m   [0mdescribe `recruits`[0m
  [4;36;1mSQL (0.7ms)[0m   [0;1mSHOW KEYS FROM `recruits`[0m
  [4;36;1mSQL (0.1ms)[0m   [0;1mSET NAMES 'utf8'[0m
  [4;35;1mSQL (0.1ms)[0m   [0mSET SQL_AUTO_IS_NULL=0[0m


Processing ApplicationController#index (for 127.0.0.1 at 2010-03-12 17:22:49) [GET]

ActionController::RoutingError (No route matches "/" with {:method=>:get}):
  /opt/local/lib/ruby/1.8/webrick/httpserver.rb:104:in `service'
  /opt/local/lib/ruby/1.8/webrick/httpserver.rb:65:in `run'
  /opt/local/lib/ruby/1.8/webrick/server.rb:173:in `start_thread'
  /opt/local/lib/ruby/1.8/webrick/server.rb:162:in `start'
  /opt/local/lib/ruby/1.8/webrick/server.rb:162:in `start_thread'
  /opt/local/lib/ruby/1.8/webrick/server.rb:95:in `start'
  /opt/local/lib/ruby/1.8/webrick/server.rb:92:in `each'
  /opt/local/lib/ruby/1.8/webrick/server.rb:92:in `start'
  /opt/local/lib/ruby/1.8/webrick/server.rb:23:in `start'
  /opt/local/lib/ruby/1.8/webrick/server.rb:82:in `start'

Rendering rescues/layout (not_found)
  [4;36;1mSQL (0.1ms)[0m   [0;1mSET NAMES 'utf8'[0m
  [4;35;1mSQL (0.1ms)[0m   [0mSET SQL_AUTO_IS_NULL=0[0m


Processing RecruitsController#index (for 127.0.0.1 at 2010-03-12 17:23:03) [GET]
  [4;36;1mRecruit Load (0.3ms)[0m   [0;1mSELECT * FROM `recruits` [0m
Rendering template within layouts/recruits
Rendering recruits/index
Completed in 61ms (View: 57, DB: 1) | 200 OK [http://localhost/]
  [4;35;1mSQL (0.2ms)[0m   [0mSET NAMES 'utf8'[0m
  [4;36;1mSQL (0.1ms)[0m   [0;1mSET SQL_AUTO_IS_NULL=0[0m


Processing RecruitsController#new (for 127.0.0.1 at 2010-03-12 17:53:42) [GET]
  [4;35;1mRecruit Columns (2.4ms)[0m   [0mSHOW FIELDS FROM `recruits`[0m
Rendering template within layouts/recruits
Rendering recruits/new
Completed in 15ms (View: 9, DB: 3) | 200 OK [http://localhost/recruits/new]
  [4;36;1mSQL (0.1ms)[0m   [0;1mSET NAMES 'utf8'[0m
  [4;35;1mSQL (0.1ms)[0m   [0mSET SQL_AUTO_IS_NULL=0[0m


Processing RecruitsController#create (for 127.0.0.1 at 2010-03-12 17:53:57) [POST]
  Parameters: {"commit"=>"Create", "authenticity_token"=>"tbYrw6yDNk4aIrwPhFwhV4A0o5HXJiy+0B/CvMugJmA=", "recruit"=>{"name"=>"Chris", "phone"=>"1234567890", "email"=>"chris@causes.com"}}
  [4;36;1mRecruit Columns (2.4ms)[0m   [0;1mSHOW FIELDS FROM `recruits`[0m
  [4;35;1mSQL (0.1ms)[0m   [0mBEGIN[0m
  [4;36;1mRecruit Create (0.2ms)[0m   [0;1mINSERT INTO `recruits` (`name`, `created_at`, `updated_at`, `phone`, `email`) VALUES('Chris', '2010-03-13 01:53:57', '2010-03-13 01:53:57', '1234567890', 'chris@causes.com')[0m
  [4;35;1mSQL (0.5ms)[0m   [0mCOMMIT[0m
Redirected to http://localhost:3000/recruits/1
Completed in 10ms (DB: 3) | 302 Found [http://localhost/recruits]
  [4;36;1mSQL (0.1ms)[0m   [0;1mSET NAMES 'utf8'[0m
  [4;35;1mSQL (0.1ms)[0m   [0mSET SQL_AUTO_IS_NULL=0[0m


Processing RecruitsController#show (for 127.0.0.1 at 2010-03-12 17:53:57) [GET]
  Parameters: {"id"=>"1"}
  [4;36;1mRecruit Columns (2.4ms)[0m   [0;1mSHOW FIELDS FROM `recruits`[0m
  [4;35;1mRecruit Load (0.3ms)[0m   [0mSELECT * FROM `recruits` WHERE (`recruits`.`id` = 1) [0m
Rendering template within layouts/recruits
Rendering recruits/show
Completed in 13ms (View: 6, DB: 3) | 200 OK [http://localhost/recruits/1]
  [4;36;1mSQL (0.1ms)[0m   [0;1mSET NAMES 'utf8'[0m
  [4;35;1mSQL (0.1ms)[0m   [0mSET SQL_AUTO_IS_NULL=0[0m


Processing RecruitsController#show (for 127.0.0.1 at 2010-03-12 17:55:30) [GET]
  Parameters: {"id"=>"1"}
  [4;36;1mRecruit Columns (2.3ms)[0m   [0;1mSHOW FIELDS FROM `recruits`[0m
  [4;35;1mRecruit Load (0.3ms)[0m   [0mSELECT * FROM `recruits` WHERE (`recruits`.`id` = 1) [0m
Rendering template within layouts/recruits
Rendering recruits/show
Completed in 13ms (View: 6, DB: 3) | 200 OK [http://localhost/recruits/1]
  [4;36;1mSQL (0.1ms)[0m   [0;1mSET NAMES 'utf8'[0m
  [4;35;1mSQL (0.1ms)[0m   [0mSET SQL_AUTO_IS_NULL=0[0m


Processing RecruitsController#show (for 127.0.0.1 at 2010-03-12 17:56:05) [GET]
  Parameters: {"id"=>"1"}
  [4;36;1mRecruit Columns (2.4ms)[0m   [0;1mSHOW FIELDS FROM `recruits`[0m
  [4;35;1mRecruit Load (0.5ms)[0m   [0mSELECT * FROM `recruits` WHERE (`recruits`.`id` = 1) [0m
Rendering template within layouts/recruits
Rendering recruits/show
Completed in 15ms (View: 8, DB: 3) | 200 OK [http://localhost/recruits/1]
  [4;36;1mSQL (0.1ms)[0m   [0;1mSET NAMES 'utf8'[0m
  [4;35;1mSQL (0.1ms)[0m   [0mSET SQL_AUTO_IS_NULL=0[0m


Processing RecruitsController#show (for 127.0.0.1 at 2010-03-12 17:56:36) [GET]
  Parameters: {"id"=>"1"}
  [4;36;1mRecruit Columns (2.4ms)[0m   [0;1mSHOW FIELDS FROM `recruits`[0m
  [4;35;1mRecruit Load (0.5ms)[0m   [0mSELECT * FROM `recruits` WHERE (`recruits`.`id` = 1) [0m
Rendering template within layouts/recruits
Rendering recruits/show

ActionView::TemplateError (undefined method `mailto_link' for #<ActionView::Base:0x1022628e0>) on line #3 of app/views/recruits/show.html.erb:
1: <div id="info">
2:   <b>Name:</b> <%=h @recruit.name %><br />
3:   <b>Email:</b> <%= mailto_link nil, @recruit.email %><br />
4:   <b>Phone:</b> <%=h @recruit.phone %><br />
5: </div>
6: 

    app/views/recruits/show.html.erb:3
    app/controllers/recruits_controller.rb:18:in `show'
    /opt/local/lib/ruby/1.8/webrick/httpserver.rb:104:in `service'
    /opt/local/lib/ruby/1.8/webrick/httpserver.rb:65:in `run'
    /opt/local/lib/ruby/1.8/webrick/server.rb:173:in `start_thread'
    /opt/local/lib/ruby/1.8/webrick/server.rb:162:in `start'
    /opt/local/lib/ruby/1.8/webrick/server.rb:162:in `start_thread'
    /opt/local/lib/ruby/1.8/webrick/server.rb:95:in `start'
    /opt/local/lib/ruby/1.8/webrick/server.rb:92:in `each'
    /opt/local/lib/ruby/1.8/webrick/server.rb:92:in `start'
    /opt/local/lib/ruby/1.8/webrick/server.rb:23:in `start'
    /opt/local/lib/ruby/1.8/webrick/server.rb:82:in `start'

Rendered rescues/_trace (41.5ms)
Rendered rescues/_request_and_response (1.2ms)
Rendering rescues/layout (internal_server_error)
  [4;36;1mSQL (0.1ms)[0m   [0;1mSET NAMES 'utf8'[0m
  [4;35;1mSQL (0.1ms)[0m   [0mSET SQL_AUTO_IS_NULL=0[0m


Processing RecruitsController#show (for 127.0.0.1 at 2010-03-12 17:56:43) [GET]
  Parameters: {"id"=>"1"}
  [4;36;1mRecruit Columns (2.4ms)[0m   [0;1mSHOW FIELDS FROM `recruits`[0m
  [4;35;1mRecruit Load (0.7ms)[0m   [0mSELECT * FROM `recruits` WHERE (`recruits`.`id` = 1) [0m
Rendering template within layouts/recruits
Rendering recruits/show

ActionView::TemplateError (undefined method `link_to_email' for #<ActionView::Base:0x1025c7fa8>) on line #3 of app/views/recruits/show.html.erb:
1: <div id="info">
2:   <b>Name:</b> <%=h @recruit.name %><br />
3:   <b>Email:</b> <%= link_to_email nil, @recruit.email %><br />
4:   <b>Phone:</b> <%=h @recruit.phone %><br />
5: </div>
6: 

    app/views/recruits/show.html.erb:3
    app/controllers/recruits_controller.rb:18:in `show'
    /opt/local/lib/ruby/1.8/webrick/httpserver.rb:104:in `service'
    /opt/local/lib/ruby/1.8/webrick/httpserver.rb:65:in `run'
    /opt/local/lib/ruby/1.8/webrick/server.rb:173:in `start_thread'
    /opt/local/lib/ruby/1.8/webrick/server.rb:162:in `start'
    /opt/local/lib/ruby/1.8/webrick/server.rb:162:in `start_thread'
    /opt/local/lib/ruby/1.8/webrick/server.rb:95:in `start'
    /opt/local/lib/ruby/1.8/webrick/server.rb:92:in `each'
    /opt/local/lib/ruby/1.8/webrick/server.rb:92:in `start'
    /opt/local/lib/ruby/1.8/webrick/server.rb:23:in `start'
    /opt/local/lib/ruby/1.8/webrick/server.rb:82:in `start'

Rendered rescues/_trace (41.1ms)
Rendered rescues/_request_and_response (0.3ms)
Rendering rescues/layout (internal_server_error)
  [4;36;1mSQL (0.1ms)[0m   [0;1mSET NAMES 'utf8'[0m
  [4;35;1mSQL (0.1ms)[0m   [0mSET SQL_AUTO_IS_NULL=0[0m


Processing RecruitsController#show (for 127.0.0.1 at 2010-03-12 17:59:33) [GET]
  Parameters: {"id"=>"1"}
  [4;36;1mRecruit Columns (2.4ms)[0m   [0;1mSHOW FIELDS FROM `recruits`[0m
  [4;35;1mRecruit Load (0.3ms)[0m   [0mSELECT * FROM `recruits` WHERE (`recruits`.`id` = 1) [0m
Rendering template within layouts/recruits
Rendering recruits/show
Completed in 13ms (View: 6, DB: 3) | 200 OK [http://localhost/recruits/1]
  [4;36;1mSQL (0.1ms)[0m   [0;1mSET NAMES 'utf8'[0m
  [4;35;1mSQL (0.1ms)[0m   [0mSET SQL_AUTO_IS_NULL=0[0m
  [4;36;1mSQL (0.8ms)[0m   [0;1mSHOW TABLES[0m
  [4;35;1mSQL (54.7ms)[0m   [0mCREATE TABLE `schema_migrations` (`version` varchar(255) NOT NULL) ENGINE=InnoDB[0m
  [4;36;1mSQL (215.5ms)[0m   [0;1mCREATE UNIQUE INDEX `unique_schema_migrations` ON `schema_migrations` (`version`)[0m
  [4;35;1mSQL (2.0ms)[0m   [0mSHOW TABLES[0m
  [4;36;1mSQL (0.3ms)[0m   [0;1mSELECT version FROM schema_migrations[0m
Migrating to CreateRecruits (20100313012105)
  [4;35;1mSQL (63.4ms)[0m   [0mCREATE TABLE `recruits` (`id` int(11) DEFAULT NULL auto_increment PRIMARY KEY, `name` varchar(255), `email` varchar(255), `phone` varchar(255), `reference` varchar(255), `how_found` text, `created_at` datetime, `updated_at` datetime) ENGINE=InnoDB[0m
  [4;36;1mSQL (0.5ms)[0m   [0;1mINSERT INTO schema_migrations (version) VALUES ('20100313012105')[0m
  [4;35;1mSQL (0.5ms)[0m   [0mSHOW TABLES[0m
  [4;36;1mSQL (0.2ms)[0m   [0;1mSELECT version FROM schema_migrations[0m
  [4;35;1mSQL (0.6ms)[0m   [0mSHOW TABLES[0m
  [4;36;1mSQL (2.6ms)[0m   [0;1mSHOW FIELDS FROM `recruits`[0m
  [4;35;1mSQL (3.6ms)[0m   [0mdescribe `recruits`[0m
  [4;36;1mSQL (3.2ms)[0m   [0;1mSHOW KEYS FROM `recruits`[0m
  [4;36;1mSQL (0.1ms)[0m   [0;1mSET NAMES 'utf8'[0m
  [4;35;1mSQL (0.1ms)[0m   [0mSET SQL_AUTO_IS_NULL=0[0m
  [4;36;1mSQL (0.3ms)[0m   [0;1mSHOW TABLES[0m
  [4;35;1mSQL (72.9ms)[0m   [0mCREATE TABLE `schema_migrations` (`version` varchar(255) NOT NULL) ENGINE=InnoDB[0m
  [4;36;1mSQL (152.9ms)[0m   [0;1mCREATE UNIQUE INDEX `unique_schema_migrations` ON `schema_migrations` (`version`)[0m
  [4;35;1mSQL (1.9ms)[0m   [0mSHOW TABLES[0m
  [4;36;1mSQL (0.3ms)[0m   [0;1mSELECT version FROM schema_migrations[0m
Migrating to CreateRecruits (20100313012105)
  [4;35;1mSQL (66.6ms)[0m   [0mCREATE TABLE `recruits` (`id` int(11) DEFAULT NULL auto_increment PRIMARY KEY, `name` varchar(255), `email` varchar(255), `phone` varchar(255), `referrer` varchar(255), `how_found` text, `created_at` datetime, `updated_at` datetime) ENGINE=InnoDB[0m
  [4;36;1mSQL (0.6ms)[0m   [0;1mINSERT INTO schema_migrations (version) VALUES ('20100313012105')[0m
  [4;35;1mSQL (0.5ms)[0m   [0mSHOW TABLES[0m
  [4;36;1mSQL (0.1ms)[0m   [0;1mSELECT version FROM schema_migrations[0m
  [4;35;1mSQL (0.3ms)[0m   [0mSHOW TABLES[0m
  [4;36;1mSQL (2.7ms)[0m   [0;1mSHOW FIELDS FROM `recruits`[0m
  [4;35;1mSQL (2.5ms)[0m   [0mdescribe `recruits`[0m
  [4;36;1mSQL (0.4ms)[0m   [0;1mSHOW KEYS FROM `recruits`[0m
  [4;36;1mSQL (0.1ms)[0m   [0;1mSET NAMES 'utf8'[0m
  [4;35;1mSQL (0.1ms)[0m   [0mSET SQL_AUTO_IS_NULL=0[0m
  [4;36;1mSQL (0.4ms)[0m   [0;1mSHOW TABLES[0m
  [4;35;1mSQL (0.1ms)[0m   [0mSELECT version FROM schema_migrations[0m
Migrating to CreateRecruits (20100313012105)
Migrating to CreateEmployees (20100313020354)
  [4;36;1mSQL (62.0ms)[0m   [0;1mCREATE TABLE `employees` (`id` int(11) DEFAULT NULL auto_increment PRIMARY KEY, `name` varchar(255), `email` varchar(255), `facebook_uid` int(11), `facebook_session` varchar(255), `created_at` datetime, `updated_at` datetime) ENGINE=InnoDB[0m
  [4;35;1mSQL (0.7ms)[0m   [0mINSERT INTO schema_migrations (version) VALUES ('20100313020354')[0m
  [4;36;1mSQL (0.6ms)[0m   [0;1mSHOW TABLES[0m
  [4;35;1mSQL (0.1ms)[0m   [0mSELECT version FROM schema_migrations[0m
  [4;36;1mSQL (0.4ms)[0m   [0;1mSHOW TABLES[0m
  [4;35;1mSQL (2.4ms)[0m   [0mSHOW FIELDS FROM `employees`[0m
  [4;36;1mSQL (2.4ms)[0m   [0;1mdescribe `employees`[0m
  [4;35;1mSQL (0.6ms)[0m   [0mSHOW KEYS FROM `employees`[0m
  [4;36;1mSQL (4.0ms)[0m   [0;1mSHOW FIELDS FROM `recruits`[0m
  [4;35;1mSQL (3.5ms)[0m   [0mdescribe `recruits`[0m
  [4;36;1mSQL (0.7ms)[0m   [0;1mSHOW KEYS FROM `recruits`[0m
  [4;36;1mSQL (0.1ms)[0m   [0;1mSET NAMES 'utf8'[0m
  [4;35;1mSQL (0.1ms)[0m   [0mSET SQL_AUTO_IS_NULL=0[0m
  [4;36;1mSQL (0.5ms)[0m   [0;1mSHOW TABLES[0m
  [4;35;1mSQL (0.2ms)[0m   [0mSELECT version FROM schema_migrations[0m
Migrating to CreateRecruits (20100313012105)
Migrating to CreateEmployees (20100313020354)
Migrating to CreateFeedbacks (20100313020542)
  [4;36;1mSQL (47.6ms)[0m   [0;1mCREATE TABLE `feedbacks` (`id` int(11) DEFAULT NULL auto_increment PRIMARY KEY, `employee_id` int(11), `recruit_id` int(11), `activity_id` int(11), `body` text, `score` float, `created_at` datetime, `updated_at` datetime) ENGINE=InnoDB[0m
  [4;35;1mSQL (0.7ms)[0m   [0mINSERT INTO schema_migrations (version) VALUES ('20100313020542')[0m
  [4;36;1mSQL (0.6ms)[0m   [0;1mSHOW TABLES[0m
  [4;35;1mSQL (0.2ms)[0m   [0mSELECT version FROM schema_migrations[0m
  [4;36;1mSQL (0.6ms)[0m   [0;1mSHOW TABLES[0m
  [4;35;1mSQL (2.3ms)[0m   [0mSHOW FIELDS FROM `employees`[0m
  [4;36;1mSQL (2.9ms)[0m   [0;1mdescribe `employees`[0m
  [4;35;1mSQL (0.6ms)[0m   [0mSHOW KEYS FROM `employees`[0m
  [4;36;1mSQL (3.0ms)[0m   [0;1mSHOW FIELDS FROM `feedbacks`[0m
  [4;35;1mSQL (3.3ms)[0m   [0mdescribe `feedbacks`[0m
  [4;36;1mSQL (0.7ms)[0m   [0;1mSHOW KEYS FROM `feedbacks`[0m
  [4;35;1mSQL (2.1ms)[0m   [0mSHOW FIELDS FROM `recruits`[0m
  [4;36;1mSQL (2.7ms)[0m   [0;1mdescribe `recruits`[0m
  [4;35;1mSQL (0.7ms)[0m   [0mSHOW KEYS FROM `recruits`[0m
  [4;36;1mSQL (0.1ms)[0m   [0;1mSET NAMES 'utf8'[0m
  [4;35;1mSQL (0.1ms)[0m   [0mSET SQL_AUTO_IS_NULL=0[0m
  [4;36;1mSQL (0.8ms)[0m   [0;1mSHOW TABLES[0m
  [4;35;1mFeedback Columns (2.2ms)[0m   [0mSHOW FIELDS FROM `feedbacks`[0m
  [4;36;1mSQL (0.1ms)[0m   [0;1mSET NAMES 'utf8'[0m
  [4;35;1mSQL (0.1ms)[0m   [0mSET SQL_AUTO_IS_NULL=0[0m


Processing RecruitsController#show (for 127.0.0.1 at 2010-03-12 18:07:35) [GET]
  Parameters: {"id"=>"1"}
  [4;36;1mRecruit Columns (2.4ms)[0m   [0;1mSHOW FIELDS FROM `recruits`[0m
  [4;35;1mRecruit Load (0.4ms)[0m   [0mSELECT * FROM `recruits` WHERE (`recruits`.`id` = 1) [0m

ActiveRecord::RecordNotFound (Couldn't find Recruit with ID=1):
  app/controllers/recruits_controller.rb:16:in `show'
  /opt/local/lib/ruby/1.8/webrick/httpserver.rb:104:in `service'
  /opt/local/lib/ruby/1.8/webrick/httpserver.rb:65:in `run'
  /opt/local/lib/ruby/1.8/webrick/server.rb:173:in `start_thread'
  /opt/local/lib/ruby/1.8/webrick/server.rb:162:in `start'
  /opt/local/lib/ruby/1.8/webrick/server.rb:162:in `start_thread'
  /opt/local/lib/ruby/1.8/webrick/server.rb:95:in `start'
  /opt/local/lib/ruby/1.8/webrick/server.rb:92:in `each'
  /opt/local/lib/ruby/1.8/webrick/server.rb:92:in `start'
  /opt/local/lib/ruby/1.8/webrick/server.rb:23:in `start'
  /opt/local/lib/ruby/1.8/webrick/server.rb:82:in `start'

Rendered rescues/_trace (84.6ms)
Rendered rescues/_request_and_response (0.3ms)
Rendering rescues/layout (not_found)
  [4;36;1mSQL (0.1ms)[0m   [0;1mSET NAMES 'utf8'[0m
  [4;35;1mSQL (0.1ms)[0m   [0mSET SQL_AUTO_IS_NULL=0[0m


Processing RecruitsController#new (for 127.0.0.1 at 2010-03-12 18:08:14) [GET]
  [4;36;1mRecruit Columns (2.4ms)[0m   [0;1mSHOW FIELDS FROM `recruits`[0m
Rendering template within layouts/recruits
Rendering recruits/new
Completed in 53ms (View: 46, DB: 3) | 200 OK [http://localhost/recruits/new]
  [4;35;1mSQL (0.1ms)[0m   [0mSET NAMES 'utf8'[0m
  [4;36;1mSQL (0.1ms)[0m   [0;1mSET SQL_AUTO_IS_NULL=0[0m


Processing RecruitsController#create (for 127.0.0.1 at 2010-03-12 18:08:26) [POST]
  Parameters: {"commit"=>"Create", "authenticity_token"=>"tbYrw6yDNk4aIrwPhFwhV4A0o5HXJiy+0B/CvMugJmA=", "recruit"=>{"referrer"=>"Kristjan", "name"=>"Chris", "phone"=>"12354", "how_found"=>"Drunk", "email"=>"chris@causes.com"}}
  [4;35;1mRecruit Columns (2.5ms)[0m   [0mSHOW FIELDS FROM `recruits`[0m
  [4;36;1mSQL (0.1ms)[0m   [0;1mBEGIN[0m
  [4;35;1mRecruit Create (0.2ms)[0m   [0mINSERT INTO `recruits` (`name`, `referrer`, `created_at`, `updated_at`, `phone`, `email`, `how_found`) VALUES('Chris', 'Kristjan', '2010-03-13 02:08:26', '2010-03-13 02:08:26', '12354', 'chris@causes.com', 'Drunk')[0m
  [4;36;1mSQL (0.6ms)[0m   [0;1mCOMMIT[0m
Redirected to http://localhost:3000/recruits/1
Completed in 11ms (DB: 4) | 302 Found [http://localhost/recruits]
  [4;35;1mSQL (0.1ms)[0m   [0mSET NAMES 'utf8'[0m
  [4;36;1mSQL (0.1ms)[0m   [0;1mSET SQL_AUTO_IS_NULL=0[0m


Processing RecruitsController#show (for 127.0.0.1 at 2010-03-12 18:08:26) [GET]
  Parameters: {"id"=>"1"}
  [4;35;1mRecruit Columns (2.4ms)[0m   [0mSHOW FIELDS FROM `recruits`[0m
  [4;36;1mRecruit Load (0.3ms)[0m   [0;1mSELECT * FROM `recruits` WHERE (`recruits`.`id` = 1) [0m
Rendering template within layouts/recruits
Rendering recruits/show

ActionView::TemplateError (undefined method `reference' for #<Recruit:0x101fd16a8>) on line #5 of app/views/recruits/show.html.erb:
2:   <b>Name:</b> <%=h @recruit.name %><br />
3:   <b>Email:</b> <%= auto_link @recruit.email %><br />
4:   <b>Phone:</b> <%=h @recruit.phone %><br />
5:   <b>Referrer:</b> <%=h @recruit.reference %><br />
6:   <b>How we found them:</b> <%=h @recruit.how_found %><br />
7: </div>
8: 

    app/views/recruits/show.html.erb:5
    app/controllers/recruits_controller.rb:18:in `show'
    /opt/local/lib/ruby/1.8/webrick/httpserver.rb:104:in `service'
    /opt/local/lib/ruby/1.8/webrick/httpserver.rb:65:in `run'
    /opt/local/lib/ruby/1.8/webrick/server.rb:173:in `start_thread'
    /opt/local/lib/ruby/1.8/webrick/server.rb:162:in `start'
    /opt/local/lib/ruby/1.8/webrick/server.rb:162:in `start_thread'
    /opt/local/lib/ruby/1.8/webrick/server.rb:95:in `start'
    /opt/local/lib/ruby/1.8/webrick/server.rb:92:in `each'
    /opt/local/lib/ruby/1.8/webrick/server.rb:92:in `start'
    /opt/local/lib/ruby/1.8/webrick/server.rb:23:in `start'
    /opt/local/lib/ruby/1.8/webrick/server.rb:82:in `start'

Rendered rescues/_trace (92.8ms)
Rendered rescues/_request_and_response (0.3ms)
Rendering rescues/layout (internal_server_error)
  [4;35;1mSQL (0.1ms)[0m   [0mSET NAMES 'utf8'[0m
  [4;36;1mSQL (0.1ms)[0m   [0;1mSET SQL_AUTO_IS_NULL=0[0m


Processing RecruitsController#show (for 127.0.0.1 at 2010-03-12 18:08:35) [GET]
  Parameters: {"id"=>"1"}
  [4;35;1mRecruit Columns (2.4ms)[0m   [0mSHOW FIELDS FROM `recruits`[0m
  [4;36;1mRecruit Load (1.2ms)[0m   [0;1mSELECT * FROM `recruits` WHERE (`recruits`.`id` = 1) [0m
Rendering template within layouts/recruits
Rendering recruits/show
Rendered recruits/_feedback (0.5ms)
Completed in 19ms (View: 11, DB: 4) | 200 OK [http://localhost/recruits/1]
  [4;35;1mSQL (0.1ms)[0m   [0mSET NAMES 'utf8'[0m
  [4;36;1mSQL (0.1ms)[0m   [0;1mSET SQL_AUTO_IS_NULL=0[0m


Processing RecruitsController#show (for 127.0.0.1 at 2010-03-12 18:08:57) [GET]
  Parameters: {"id"=>"1"}
  [4;35;1mRecruit Columns (2.7ms)[0m   [0mSHOW FIELDS FROM `recruits`[0m
  [4;36;1mRecruit Load (0.5ms)[0m   [0;1mSELECT * FROM `recruits` WHERE (`recruits`.`id` = 1) [0m
Rendering template within layouts/recruits
Rendering recruits/show
Rendered recruits/_feedback (0.1ms)
Completed in 17ms (View: 9, DB: 3) | 200 OK [http://localhost/recruits/1]
  [4;36;1mSQL (0.1ms)[0m   [0;1mSET NAMES 'utf8'[0m
  [4;35;1mSQL (0.1ms)[0m   [0mSET SQL_AUTO_IS_NULL=0[0m
  [4;36;1mSQL (0.7ms)[0m   [0;1mSHOW TABLES[0m
  [4;35;1mEmployee Columns (2.3ms)[0m   [0mSHOW FIELDS FROM `employees`[0m
  [4;36;1mSQL (0.3ms)[0m   [0;1mBEGIN[0m
  [4;35;1mEmployee Create (0.3ms)[0m   [0mINSERT INTO `employees` (`name`, `created_at`, `facebook_uid`, `updated_at`, `facebook_session`, `email`) VALUES('Kristján', '2010-03-13 02:13:00', 204381, '2010-03-13 02:13:00', NULL, 'kristjan@causes.com')[0m
  [4;36;1mSQL (0.5ms)[0m   [0;1mCOMMIT[0m
  [4;35;1mSQL (0.1ms)[0m   [0mSET NAMES 'utf8'[0m
  [4;36;1mSQL (0.1ms)[0m   [0;1mSET SQL_AUTO_IS_NULL=0[0m


Processing RecruitsController#show (for 127.0.0.1 at 2010-03-12 18:13:04) [GET]
  Parameters: {"id"=>"1"}
  [4;35;1mRecruit Columns (2.5ms)[0m   [0mSHOW FIELDS FROM `recruits`[0m
  [4;36;1mRecruit Load (0.5ms)[0m   [0;1mSELECT * FROM `recruits` WHERE (`recruits`.`id` = 1) [0m
Rendering template within layouts/recruits
Rendering recruits/show

ActionView::TemplateError (undefined local variable or method `recruit' for #<ActionView::Base:0x102020690>) on line #2 of app/views/recruits/_feedback.html.erb:
1: <h1>Feedback</h1>
2: <% recruit.feedbacks.each do |feedback| %>
3:   <%= feedback.body %>
4: <% end %>
5: 

    app/views/recruits/_feedback.html.erb:2
    app/views/recruits/show.html.erb:14
    app/controllers/recruits_controller.rb:18:in `show'
    /opt/local/lib/ruby/1.8/webrick/httpserver.rb:104:in `service'
    /opt/local/lib/ruby/1.8/webrick/httpserver.rb:65:in `run'
    /opt/local/lib/ruby/1.8/webrick/server.rb:173:in `start_thread'
    /opt/local/lib/ruby/1.8/webrick/server.rb:162:in `start'
    /opt/local/lib/ruby/1.8/webrick/server.rb:162:in `start_thread'
    /opt/local/lib/ruby/1.8/webrick/server.rb:95:in `start'
    /opt/local/lib/ruby/1.8/webrick/server.rb:92:in `each'
    /opt/local/lib/ruby/1.8/webrick/server.rb:92:in `start'
    /opt/local/lib/ruby/1.8/webrick/server.rb:23:in `start'
    /opt/local/lib/ruby/1.8/webrick/server.rb:82:in `start'

Rendered rescues/_trace (96.9ms)
Rendered rescues/_request_and_response (0.3ms)
Rendering rescues/layout (internal_server_error)
  [4;35;1mSQL (0.1ms)[0m   [0mSET NAMES 'utf8'[0m
  [4;36;1mSQL (0.1ms)[0m   [0;1mSET SQL_AUTO_IS_NULL=0[0m


Processing RecruitsController#show (for 127.0.0.1 at 2010-03-12 18:13:18) [GET]
  Parameters: {"id"=>"1"}
  [4;35;1mRecruit Columns (2.5ms)[0m   [0mSHOW FIELDS FROM `recruits`[0m
  [4;36;1mRecruit Load (0.5ms)[0m   [0;1mSELECT * FROM `recruits` WHERE (`recruits`.`id` = 1) [0m
Rendering template within layouts/recruits
Rendering recruits/show

ActionView::TemplateError (undefined method `feedbacks' for #<Recruit:0x10211f348>) on line #2 of app/views/recruits/_feedback.html.erb:
1: <h1>Feedback</h1>
2: <% @recruit.feedbacks.each do |feedback| %>
3:   <%= feedback.body %>
4: <% end %>
5: 

    app/views/recruits/_feedback.html.erb:2
    app/views/recruits/show.html.erb:14
    app/controllers/recruits_controller.rb:18:in `show'
    /opt/local/lib/ruby/1.8/webrick/httpserver.rb:104:in `service'
    /opt/local/lib/ruby/1.8/webrick/httpserver.rb:65:in `run'
    /opt/local/lib/ruby/1.8/webrick/server.rb:173:in `start_thread'
    /opt/local/lib/ruby/1.8/webrick/server.rb:162:in `start'
    /opt/local/lib/ruby/1.8/webrick/server.rb:162:in `start_thread'
    /opt/local/lib/ruby/1.8/webrick/server.rb:95:in `start'
    /opt/local/lib/ruby/1.8/webrick/server.rb:92:in `each'
    /opt/local/lib/ruby/1.8/webrick/server.rb:92:in `start'
    /opt/local/lib/ruby/1.8/webrick/server.rb:23:in `start'
    /opt/local/lib/ruby/1.8/webrick/server.rb:82:in `start'

Rendered rescues/_trace (102.9ms)
Rendered rescues/_request_and_response (0.3ms)
Rendering rescues/layout (internal_server_error)
  [4;35;1mSQL (0.1ms)[0m   [0mSET NAMES 'utf8'[0m
  [4;36;1mSQL (0.1ms)[0m   [0;1mSET SQL_AUTO_IS_NULL=0[0m


Processing RecruitsController#show (for 127.0.0.1 at 2010-03-12 18:13:56) [GET]
  Parameters: {"id"=>"1"}
  [4;35;1mRecruit Columns (2.4ms)[0m   [0mSHOW FIELDS FROM `recruits`[0m
  [4;36;1mRecruit Load (0.5ms)[0m   [0;1mSELECT * FROM `recruits` WHERE (`recruits`.`id` = 1) [0m
Rendering template within layouts/recruits
Rendering recruits/show
  [4;35;1mFeedback Load (0.3ms)[0m   [0mSELECT * FROM `feedbacks` WHERE (`feedbacks`.recruit_id = 1) [0m
  [4;36;1mFeedback Columns (2.3ms)[0m   [0;1mSHOW FIELDS FROM `feedbacks`[0m

ActionView::TemplateError (undefined method `feedbacks_path' for #<ActionView::Base:0x10250c640>) on line #6 of app/views/recruits/_feedback.html.erb:
3:   <%= feedback.body %>
4: <% end %>
5: 
6: <% form_for(Feedback.new) do |f| %>
7:   <%= f.hidden_field :recruit_id, @recruit.id %>
8:   <%= f.hidden_field :activity_id, @recruit.current_activity.id %>
9:   <%= f.hidden_field :employee_id, 1 %>

    app/views/recruits/_feedback.html.erb:6
    app/views/recruits/show.html.erb:14
    app/controllers/recruits_controller.rb:18:in `show'
    /opt/local/lib/ruby/1.8/webrick/httpserver.rb:104:in `service'
    /opt/local/lib/ruby/1.8/webrick/httpserver.rb:65:in `run'
    /opt/local/lib/ruby/1.8/webrick/server.rb:173:in `start_thread'
    /opt/local/lib/ruby/1.8/webrick/server.rb:162:in `start'
    /opt/local/lib/ruby/1.8/webrick/server.rb:162:in `start_thread'
    /opt/local/lib/ruby/1.8/webrick/server.rb:95:in `start'
    /opt/local/lib/ruby/1.8/webrick/server.rb:92:in `each'
    /opt/local/lib/ruby/1.8/webrick/server.rb:92:in `start'
    /opt/local/lib/ruby/1.8/webrick/server.rb:23:in `start'
    /opt/local/lib/ruby/1.8/webrick/server.rb:82:in `start'

Rendered rescues/_trace (49.4ms)
Rendered rescues/_request_and_response (0.3ms)
Rendering rescues/layout (internal_server_error)
  [4;36;1mSQL (0.1ms)[0m   [0;1mSET NAMES 'utf8'[0m
  [4;35;1mSQL (0.1ms)[0m   [0mSET SQL_AUTO_IS_NULL=0[0m
  [4;36;1mSQL (0.6ms)[0m   [0;1mSHOW TABLES[0m
  [4;35;1mFeedback Columns (2.6ms)[0m   [0mSHOW FIELDS FROM `feedbacks`[0m
  [4;35;1mSQL (0.1ms)[0m   [0mSET NAMES 'utf8'[0m
  [4;36;1mSQL (0.1ms)[0m   [0;1mSET SQL_AUTO_IS_NULL=0[0m


Processing RecruitsController#show (for 127.0.0.1 at 2010-03-12 18:15:07) [GET]
  Parameters: {"id"=>"1"}
  [4;35;1mRecruit Columns (2.5ms)[0m   [0mSHOW FIELDS FROM `recruits`[0m
  [4;36;1mRecruit Load (0.9ms)[0m   [0;1mSELECT * FROM `recruits` WHERE (`recruits`.`id` = 1) [0m
Rendering template within layouts/recruits
Rendering recruits/show
  [4;35;1mFeedback Load (0.3ms)[0m   [0mSELECT * FROM `feedbacks` WHERE (`feedbacks`.recruit_id = 1) [0m
  [4;36;1mFeedback Columns (2.3ms)[0m   [0;1mSHOW FIELDS FROM `feedbacks`[0m

ActionView::TemplateError (undefined method `merge' for 1:Fixnum) on line #7 of app/views/recruits/_feedback.html.erb:
4: <% end %>
5: 
6: <% form_for(Feedback.new) do |f| %>
7:   <%= f.hidden_field :recruit_id, @recruit.id %>
8:   <%= f.hidden_field :activity_id, @recruit.current_activity.id %>
9:   <%= f.hidden_field :employee_id, 1 %>
10: 

    app/views/recruits/_feedback.html.erb:7
    app/views/recruits/_feedback.html.erb:6
    app/views/recruits/show.html.erb:14
    app/controllers/recruits_controller.rb:18:in `show'
    /opt/local/lib/ruby/1.8/webrick/httpserver.rb:104:in `service'
    /opt/local/lib/ruby/1.8/webrick/httpserver.rb:65:in `run'
    /opt/local/lib/ruby/1.8/webrick/server.rb:173:in `start_thread'
    /opt/local/lib/ruby/1.8/webrick/server.rb:162:in `start'
    /opt/local/lib/ruby/1.8/webrick/server.rb:162:in `start_thread'
    /opt/local/lib/ruby/1.8/webrick/server.rb:95:in `start'
    /opt/local/lib/ruby/1.8/webrick/server.rb:92:in `each'
    /opt/local/lib/ruby/1.8/webrick/server.rb:92:in `start'
    /opt/local/lib/ruby/1.8/webrick/server.rb:23:in `start'
    /opt/local/lib/ruby/1.8/webrick/server.rb:82:in `start'

Rendered rescues/_trace (48.1ms)
Rendered rescues/_request_and_response (0.3ms)
Rendering rescues/layout (internal_server_error)
  [4;35;1mSQL (0.1ms)[0m   [0mSET NAMES 'utf8'[0m
  [4;36;1mSQL (0.1ms)[0m   [0;1mSET SQL_AUTO_IS_NULL=0[0m


Processing RecruitsController#show (for 127.0.0.1 at 2010-03-12 18:19:35) [GET]
  Parameters: {"id"=>"1"}
  [4;35;1mRecruit Columns (2.4ms)[0m   [0mSHOW FIELDS FROM `recruits`[0m
  [4;36;1mRecruit Load (0.5ms)[0m   [0;1mSELECT * FROM `recruits` WHERE (`recruits`.`id` = 1) [0m
Rendering template within layouts/recruits
Rendering recruits/show
  [4;35;1mFeedback Load (0.3ms)[0m   [0mSELECT * FROM `feedbacks` WHERE (`feedbacks`.recruit_id = 1) [0m
  [4;36;1mFeedback Columns (3.1ms)[0m   [0;1mSHOW FIELDS FROM `feedbacks`[0m

ActionView::TemplateError (undefined method `current_activity' for #<Recruit:0x1015518e0>) on line #8 of app/views/recruits/_feedback.html.erb:
5: 
6: <% form_for(Feedback.new) do |f| %>
7:   <%= f.hidden_field :recruit_id, :value => @recruit.id %>
8:   <%= f.hidden_field :activity_id, :value => @recruit.current_activity.id %>
9:   <%= f.hidden_field :employee_id, :value => 1 %>
10: 
11:   <%= f.label :body %><br />

    app/views/recruits/_feedback.html.erb:8
    app/views/recruits/_feedback.html.erb:6
    app/views/recruits/show.html.erb:14
    app/controllers/recruits_controller.rb:18:in `show'
    /opt/local/lib/ruby/1.8/webrick/httpserver.rb:104:in `service'
    /opt/local/lib/ruby/1.8/webrick/httpserver.rb:65:in `run'
    /opt/local/lib/ruby/1.8/webrick/server.rb:173:in `start_thread'
    /opt/local/lib/ruby/1.8/webrick/server.rb:162:in `start'
    /opt/local/lib/ruby/1.8/webrick/server.rb:162:in `start_thread'
    /opt/local/lib/ruby/1.8/webrick/server.rb:95:in `start'
    /opt/local/lib/ruby/1.8/webrick/server.rb:92:in `each'
    /opt/local/lib/ruby/1.8/webrick/server.rb:92:in `start'
    /opt/local/lib/ruby/1.8/webrick/server.rb:23:in `start'
    /opt/local/lib/ruby/1.8/webrick/server.rb:82:in `start'

Rendered rescues/_trace (48.2ms)
Rendered rescues/_request_and_response (0.3ms)
Rendering rescues/layout (internal_server_error)
  [4;35;1mSQL (0.1ms)[0m   [0mSET NAMES 'utf8'[0m
  [4;36;1mSQL (0.1ms)[0m   [0;1mSET SQL_AUTO_IS_NULL=0[0m


Processing RecruitsController#show (for 127.0.0.1 at 2010-03-12 18:19:50) [GET]
  Parameters: {"id"=>"1"}
  [4;35;1mRecruit Columns (3.7ms)[0m   [0mSHOW FIELDS FROM `recruits`[0m
  [4;36;1mRecruit Load (0.6ms)[0m   [0;1mSELECT * FROM `recruits` WHERE (`recruits`.`id` = 1) [0m
Rendering template within layouts/recruits
Rendering recruits/show
  [4;35;1mFeedback Load (0.6ms)[0m   [0mSELECT * FROM `feedbacks` WHERE (`feedbacks`.recruit_id = 1) [0m
  [4;36;1mFeedback Columns (2.4ms)[0m   [0;1mSHOW FIELDS FROM `feedbacks`[0m

ActionView::TemplateError (uninitialized constant Recruit::Activity) on line #8 of app/views/recruits/_feedback.html.erb:
5: 
6: <% form_for(Feedback.new) do |f| %>
7:   <%= f.hidden_field :recruit_id, :value => @recruit.id %>
8:   <%= f.hidden_field :activity_id, :value => @recruit.current_activity.id %>
9:   <%= f.hidden_field :employee_id, :value => 1 %>
10: 
11:   <%= f.label :body %><br />

    app/models/recruit.rb:9:in `current_activity'
    app/views/recruits/_feedback.html.erb:8
    app/views/recruits/_feedback.html.erb:6
    app/views/recruits/show.html.erb:14
    app/controllers/recruits_controller.rb:18:in `show'
    /opt/local/lib/ruby/1.8/webrick/httpserver.rb:104:in `service'
    /opt/local/lib/ruby/1.8/webrick/httpserver.rb:65:in `run'
    /opt/local/lib/ruby/1.8/webrick/server.rb:173:in `start_thread'
    /opt/local/lib/ruby/1.8/webrick/server.rb:162:in `start'
    /opt/local/lib/ruby/1.8/webrick/server.rb:162:in `start_thread'
    /opt/local/lib/ruby/1.8/webrick/server.rb:95:in `start'
    /opt/local/lib/ruby/1.8/webrick/server.rb:92:in `each'
    /opt/local/lib/ruby/1.8/webrick/server.rb:92:in `start'
    /opt/local/lib/ruby/1.8/webrick/server.rb:23:in `start'
    /opt/local/lib/ruby/1.8/webrick/server.rb:82:in `start'

Rendered rescues/_trace (48.7ms)
Rendered rescues/_request_and_response (0.3ms)
Rendering rescues/layout (internal_server_error)
  [4;35;1mSQL (0.1ms)[0m   [0mSET NAMES 'utf8'[0m
  [4;36;1mSQL (0.1ms)[0m   [0;1mSET SQL_AUTO_IS_NULL=0[0m


Processing RecruitsController#show (for 127.0.0.1 at 2010-03-12 18:22:22) [GET]
  Parameters: {"id"=>"1"}
  [4;35;1mRecruit Columns (2.4ms)[0m   [0mSHOW FIELDS FROM `recruits`[0m
  [4;36;1mRecruit Load (0.7ms)[0m   [0;1mSELECT * FROM `recruits` WHERE (`recruits`.`id` = 1) [0m
Rendering template within layouts/recruits
Rendering recruits/show
  [4;35;1mFeedback Load (0.3ms)[0m   [0mSELECT * FROM `feedbacks` WHERE (`feedbacks`.recruit_id = 1) [0m
  [4;36;1mFeedback Columns (2.3ms)[0m   [0;1mSHOW FIELDS FROM `feedbacks`[0m
  [4;35;1mActivity Load (0.0ms)[0m   [0mMysql::Error: Table 'recruitr_development.activities' doesn't exist: SELECT * FROM `activities` WHERE (`activities`.recruit_id = 1) ORDER BY created_at DESC LIMIT 1[0m

ActionView::TemplateError (Mysql::Error: Table 'recruitr_development.activities' doesn't exist: SELECT * FROM `activities` WHERE (`activities`.recruit_id = 1)  ORDER BY created_at DESC LIMIT 1) on line #8 of app/views/recruits/_feedback.html.erb:
5: 
6: <% form_for(Feedback.new) do |f| %>
7:   <%= f.hidden_field :recruit_id, :value => @recruit.id %>
8:   <%= f.hidden_field :activity_id, :value => @recruit.current_activity.id %>
9:   <%= f.hidden_field :employee_id, :value => 1 %>
10: 
11:   <%= f.label :body %><br />

    app/models/recruit.rb:10:in `current_activity'
    app/views/recruits/_feedback.html.erb:8
    app/views/recruits/_feedback.html.erb:6
    app/views/recruits/show.html.erb:14
    app/controllers/recruits_controller.rb:18:in `show'
    /opt/local/lib/ruby/1.8/webrick/httpserver.rb:104:in `service'
    /opt/local/lib/ruby/1.8/webrick/httpserver.rb:65:in `run'
    /opt/local/lib/ruby/1.8/webrick/server.rb:173:in `start_thread'
    /opt/local/lib/ruby/1.8/webrick/server.rb:162:in `start'
    /opt/local/lib/ruby/1.8/webrick/server.rb:162:in `start_thread'
    /opt/local/lib/ruby/1.8/webrick/server.rb:95:in `start'
    /opt/local/lib/ruby/1.8/webrick/server.rb:92:in `each'
    /opt/local/lib/ruby/1.8/webrick/server.rb:92:in `start'
    /opt/local/lib/ruby/1.8/webrick/server.rb:23:in `start'
    /opt/local/lib/ruby/1.8/webrick/server.rb:82:in `start'

Rendered rescues/_trace (56.8ms)
Rendered rescues/_request_and_response (0.3ms)
Rendering rescues/layout (internal_server_error)
  [4;36;1mSQL (0.1ms)[0m   [0;1mSET NAMES 'utf8'[0m
  [4;35;1mSQL (0.1ms)[0m   [0mSET SQL_AUTO_IS_NULL=0[0m
  [4;36;1mSQL (0.6ms)[0m   [0;1mSHOW TABLES[0m
  [4;35;1mSQL (0.2ms)[0m   [0mSELECT version FROM schema_migrations[0m
Migrating to CreateRecruits (20100313012105)
Migrating to CreateEmployees (20100313020354)
Migrating to CreateFeedbacks (20100313020542)
Migrating to CreateActivities (20100313022143)
  [4;36;1mSQL (70.2ms)[0m   [0;1mCREATE TABLE `activities` (`id` int(11) DEFAULT NULL auto_increment PRIMARY KEY, `type` varchar(255), `recruit_id` int(11), `scheduled_for` datetime, `completed_at` datetime, `creator_id` int(11), `created_at` datetime, `updated_at` datetime) ENGINE=InnoDB[0m
  [4;35;1mSQL (0.8ms)[0m   [0mINSERT INTO schema_migrations (version) VALUES ('20100313022143')[0m
  [4;36;1mSQL (0.7ms)[0m   [0;1mSHOW TABLES[0m
  [4;35;1mSQL (0.2ms)[0m   [0mSELECT version FROM schema_migrations[0m
  [4;36;1mSQL (0.6ms)[0m   [0;1mSHOW TABLES[0m
  [4;35;1mSQL (2.6ms)[0m   [0mSHOW FIELDS FROM `activities`[0m
  [4;36;1mSQL (2.8ms)[0m   [0;1mdescribe `activities`[0m
  [4;35;1mSQL (0.5ms)[0m   [0mSHOW KEYS FROM `activities`[0m
  [4;36;1mSQL (4.9ms)[0m   [0;1mSHOW FIELDS FROM `employees`[0m
  [4;35;1mSQL (2.5ms)[0m   [0mdescribe `employees`[0m
  [4;36;1mSQL (0.6ms)[0m   [0;1mSHOW KEYS FROM `employees`[0m
  [4;35;1mSQL (2.1ms)[0m   [0mSHOW FIELDS FROM `feedbacks`[0m
  [4;36;1mSQL (4.3ms)[0m   [0;1mdescribe `feedbacks`[0m
  [4;35;1mSQL (0.9ms)[0m   [0mSHOW KEYS FROM `feedbacks`[0m
  [4;36;1mSQL (3.8ms)[0m   [0;1mSHOW FIELDS FROM `recruits`[0m
  [4;35;1mSQL (3.4ms)[0m   [0mdescribe `recruits`[0m
  [4;36;1mSQL (2.6ms)[0m   [0;1mSHOW KEYS FROM `recruits`[0m
  [4;36;1mSQL (0.1ms)[0m   [0;1mSET NAMES 'utf8'[0m
  [4;35;1mSQL (0.1ms)[0m   [0mSET SQL_AUTO_IS_NULL=0[0m


Processing RecruitsController#show (for 127.0.0.1 at 2010-03-12 18:22:30) [GET]
  Parameters: {"id"=>"1"}
  [4;36;1mRecruit Columns (2.9ms)[0m   [0;1mSHOW FIELDS FROM `recruits`[0m
  [4;35;1mRecruit Load (0.3ms)[0m   [0mSELECT * FROM `recruits` WHERE (`recruits`.`id` = 1) [0m
Rendering template within layouts/recruits
Rendering recruits/show
  [4;36;1mFeedback Load (0.3ms)[0m   [0;1mSELECT * FROM `feedbacks` WHERE (`feedbacks`.recruit_id = 1) [0m
  [4;35;1mFeedback Columns (2.5ms)[0m   [0mSHOW FIELDS FROM `feedbacks`[0m
  [4;36;1mActivity Load (0.4ms)[0m   [0;1mSELECT * FROM `activities` WHERE (`activities`.recruit_id = 1) ORDER BY created_at DESC LIMIT 1[0m

ActionView::TemplateError (Called id for nil, which would mistakenly be 4 -- if you really wanted the id of nil, use object_id) on line #8 of app/views/recruits/_feedback.html.erb:
5: 
6: <% form_for(Feedback.new) do |f| %>
7:   <%= f.hidden_field :recruit_id, :value => @recruit.id %>
8:   <%= f.hidden_field :activity_id, :value => @recruit.current_activity.id %>
9:   <%= f.hidden_field :employee_id, :value => 1 %>
10: 
11:   <%= f.label :body %><br />

    app/views/recruits/_feedback.html.erb:8
    app/views/recruits/_feedback.html.erb:6
    app/views/recruits/show.html.erb:14
    app/controllers/recruits_controller.rb:18:in `show'
    /opt/local/lib/ruby/1.8/webrick/httpserver.rb:104:in `service'
    /opt/local/lib/ruby/1.8/webrick/httpserver.rb:65:in `run'
    /opt/local/lib/ruby/1.8/webrick/server.rb:173:in `start_thread'
    /opt/local/lib/ruby/1.8/webrick/server.rb:162:in `start'
    /opt/local/lib/ruby/1.8/webrick/server.rb:162:in `start_thread'
    /opt/local/lib/ruby/1.8/webrick/server.rb:95:in `start'
    /opt/local/lib/ruby/1.8/webrick/server.rb:92:in `each'
    /opt/local/lib/ruby/1.8/webrick/server.rb:92:in `start'
    /opt/local/lib/ruby/1.8/webrick/server.rb:23:in `start'
    /opt/local/lib/ruby/1.8/webrick/server.rb:82:in `start'

Rendered rescues/_trace (48.2ms)
Rendered rescues/_request_and_response (0.3ms)
Rendering rescues/layout (internal_server_error)
  [4;36;1mSQL (0.1ms)[0m   [0;1mSET NAMES 'utf8'[0m
  [4;35;1mSQL (0.1ms)[0m   [0mSET SQL_AUTO_IS_NULL=0[0m
  [4;36;1mSQL (0.3ms)[0m   [0;1mSHOW TABLES[0m
  [4;35;1mSQL (51.3ms)[0m   [0mCREATE TABLE `activities` (`id` int(11) DEFAULT NULL auto_increment PRIMARY KEY, `type` varchar(255), `recruit_id` int(11), `scheduled_for` datetime, `completed_at` datetime, `creator_id` int(11), `created_at` datetime, `updated_at` datetime) ENGINE=InnoDB[0m
  [4;36;1mSQL (0.4ms)[0m   [0;1mSHOW TABLES[0m
  [4;35;1mSQL (199.5ms)[0m   [0mCREATE TABLE `employees` (`id` int(11) DEFAULT NULL auto_increment PRIMARY KEY, `name` varchar(255), `email` varchar(255), `facebook_uid` int(11), `facebook_session` varchar(255), `created_at` datetime, `updated_at` datetime) ENGINE=InnoDB[0m
  [4;36;1mSQL (0.5ms)[0m   [0;1mSHOW TABLES[0m
  [4;35;1mSQL (74.1ms)[0m   [0mCREATE TABLE `feedbacks` (`id` int(11) DEFAULT NULL auto_increment PRIMARY KEY, `employee_id` int(11), `recruit_id` int(11), `activity_id` int(11), `body` text, `score` float, `created_at` datetime, `updated_at` datetime) ENGINE=InnoDB[0m
  [4;36;1mSQL (0.6ms)[0m   [0;1mSHOW TABLES[0m
  [4;35;1mSQL (74.2ms)[0m   [0mCREATE TABLE `recruits` (`id` int(11) DEFAULT NULL auto_increment PRIMARY KEY, `name` varchar(255), `email` varchar(255), `phone` varchar(255), `referrer` varchar(255), `how_found` text, `created_at` datetime, `updated_at` datetime) ENGINE=InnoDB[0m
  [4;36;1mSQL (0.7ms)[0m   [0;1mSHOW TABLES[0m
  [4;35;1mSQL (76.1ms)[0m   [0mCREATE TABLE `schema_migrations` (`version` varchar(255) NOT NULL) ENGINE=InnoDB[0m
  [4;36;1mSQL (69.7ms)[0m   [0;1mCREATE UNIQUE INDEX `unique_schema_migrations` ON `schema_migrations` (`version`)[0m
  [4;35;1mSQL (2.3ms)[0m   [0mSHOW TABLES[0m
  [4;36;1mSQL (0.4ms)[0m   [0;1mSELECT version FROM `schema_migrations`[0m
  [4;35;1mSQL (0.7ms)[0m   [0mINSERT INTO `schema_migrations` (version) VALUES ('20100313022143')[0m
  [4;36;1mSQL (0.6ms)[0m   [0;1mINSERT INTO `schema_migrations` (version) VALUES ('20100313012105')[0m
  [4;35;1mSQL (0.7ms)[0m   [0mINSERT INTO `schema_migrations` (version) VALUES ('20100313020354')[0m
  [4;36;1mSQL (0.6ms)[0m   [0;1mINSERT INTO `schema_migrations` (version) VALUES ('20100313020542')[0m
  [4;35;1mSQL (0.1ms)[0m   [0mSET NAMES 'utf8'[0m
  [4;36;1mSQL (0.1ms)[0m   [0;1mSET SQL_AUTO_IS_NULL=0[0m


Processing RecruitsController#index (for 127.0.0.1 at 2010-03-12 18:25:18) [GET]
  [4;35;1mRecruit Load (0.5ms)[0m   [0mSELECT * FROM `recruits` [0m
Rendering template within layouts/recruits
Rendering recruits/index
Completed in 6ms (View: 1, DB: 1) | 200 OK [http://localhost/]
  [4;36;1mSQL (0.1ms)[0m   [0;1mSET NAMES 'utf8'[0m
  [4;35;1mSQL (0.1ms)[0m   [0mSET SQL_AUTO_IS_NULL=0[0m


Processing RecruitsController#new (for 127.0.0.1 at 2010-03-12 18:25:20) [GET]
  [4;36;1mRecruit Columns (2.5ms)[0m   [0;1mSHOW FIELDS FROM `recruits`[0m
Rendering template within layouts/recruits
Rendering recruits/new
Completed in 67ms (View: 60, DB: 3) | 200 OK [http://localhost/recruits/new]
  [4;35;1mSQL (0.1ms)[0m   [0mSET NAMES 'utf8'[0m
  [4;36;1mSQL (0.1ms)[0m   [0;1mSET SQL_AUTO_IS_NULL=0[0m


Processing RecruitsController#create (for 127.0.0.1 at 2010-03-12 18:25:28) [POST]
  Parameters: {"commit"=>"Create", "authenticity_token"=>"tbYrw6yDNk4aIrwPhFwhV4A0o5HXJiy+0B/CvMugJmA=", "recruit"=>{"referrer"=>"Kristjan", "name"=>"CHris", "phone"=>"123", "how_found"=>"hi", "email"=>"chris@"}}
  [4;35;1mRecruit Columns (2.6ms)[0m   [0mSHOW FIELDS FROM `recruits`[0m
  [4;36;1mSQL (0.1ms)[0m   [0;1mBEGIN[0m
  [4;35;1mRecruit Create (0.2ms)[0m   [0mINSERT INTO `recruits` (`name`, `referrer`, `created_at`, `updated_at`, `phone`, `email`, `how_found`) VALUES('CHris', 'Kristjan', '2010-03-13 02:25:28', '2010-03-13 02:25:28', '123', 'chris@', 'hi')[0m
  [4;36;1mSQL (0.5ms)[0m   [0;1mROLLBACK[0m
  [4;35;1mSQL (1.5ms)[0m   [0mSHOW TABLES[0m
  [4;36;1mActivity Columns (2.5ms)[0m   [0;1mSHOW FIELDS FROM `activities`[0m

NoMethodError (undefined method `received!' for #<Class:0x1023c5f70>):
  app/models/recruit.rb:14
  app/controllers/recruits_controller.rb:46:in `create'
  app/controllers/recruits_controller.rb:45:in `create'
  /opt/local/lib/ruby/1.8/webrick/httpserver.rb:104:in `service'
  /opt/local/lib/ruby/1.8/webrick/httpserver.rb:65:in `run'
  /opt/local/lib/ruby/1.8/webrick/server.rb:173:in `start_thread'
  /opt/local/lib/ruby/1.8/webrick/server.rb:162:in `start'
  /opt/local/lib/ruby/1.8/webrick/server.rb:162:in `start_thread'
  /opt/local/lib/ruby/1.8/webrick/server.rb:95:in `start'
  /opt/local/lib/ruby/1.8/webrick/server.rb:92:in `each'
  /opt/local/lib/ruby/1.8/webrick/server.rb:92:in `start'
  /opt/local/lib/ruby/1.8/webrick/server.rb:23:in `start'
  /opt/local/lib/ruby/1.8/webrick/server.rb:82:in `start'

Rendered rescues/_trace (42.5ms)
Rendered rescues/_request_and_response (0.8ms)
Rendering rescues/layout (internal_server_error)
  [4;35;1mSQL (0.1ms)[0m   [0mSET NAMES 'utf8'[0m
  [4;36;1mSQL (0.1ms)[0m   [0;1mSET SQL_AUTO_IS_NULL=0[0m


Processing RecruitsController#create (for 127.0.0.1 at 2010-03-12 18:25:43) [POST]
  Parameters: {"commit"=>"Create", "authenticity_token"=>"tbYrw6yDNk4aIrwPhFwhV4A0o5HXJiy+0B/CvMugJmA=", "recruit"=>{"referrer"=>"Kristjan", "name"=>"CHris", "phone"=>"123", "how_found"=>"hi", "email"=>"chris@"}}
  [4;35;1mRecruit Columns (2.4ms)[0m   [0mSHOW FIELDS FROM `recruits`[0m
  [4;36;1mSQL (0.1ms)[0m   [0;1mBEGIN[0m
  [4;35;1mRecruit Create (0.2ms)[0m   [0mINSERT INTO `recruits` (`name`, `referrer`, `created_at`, `updated_at`, `phone`, `email`, `how_found`) VALUES('CHris', 'Kristjan', '2010-03-13 02:25:43', '2010-03-13 02:25:43', '123', 'chris@', 'hi')[0m
  [4;36;1mActivity::Received Columns (3.1ms)[0m   [0;1mSHOW FIELDS FROM `activities`[0m
  [4;35;1mActivity::Received Create (0.3ms)[0m   [0mINSERT INTO `activities` (`completed_at`, `created_at`, `scheduled_for`, `updated_at`, `creator_id`, `type`, `recruit_id`) VALUES(NULL, '2010-03-13 02:25:43', NULL, '2010-03-13 02:25:43', NULL, 'Activity::Received', 2)[0m
  [4;36;1mSQL (0.5ms)[0m   [0;1mCOMMIT[0m
Redirected to http://localhost:3000/recruits/2
Completed in 43ms (DB: 7) | 302 Found [http://localhost/recruits]
  [4;35;1mSQL (0.1ms)[0m   [0mSET NAMES 'utf8'[0m
  [4;36;1mSQL (0.1ms)[0m   [0;1mSET SQL_AUTO_IS_NULL=0[0m


Processing RecruitsController#show (for 127.0.0.1 at 2010-03-12 18:25:43) [GET]
  Parameters: {"id"=>"2"}
  [4;35;1mRecruit Columns (2.7ms)[0m   [0mSHOW FIELDS FROM `recruits`[0m
  [4;36;1mRecruit Load (0.3ms)[0m   [0;1mSELECT * FROM `recruits` WHERE (`recruits`.`id` = 2) [0m
Rendering template within layouts/recruits
Rendering recruits/show
  [4;35;1mFeedback Load (0.5ms)[0m   [0mSELECT * FROM `feedbacks` WHERE (`feedbacks`.recruit_id = 2) [0m
  [4;36;1mFeedback Columns (2.3ms)[0m   [0;1mSHOW FIELDS FROM `feedbacks`[0m
  [4;35;1mActivity Load (0.3ms)[0m   [0mSELECT * FROM `activities` WHERE (`activities`.recruit_id = 2) ORDER BY created_at DESC LIMIT 1[0m
  [4;36;1mActivity Columns (2.5ms)[0m   [0;1mSHOW FIELDS FROM `activities`[0m
  [4;35;1mActivity::Received Columns (3.3ms)[0m   [0mSHOW FIELDS FROM `activities`[0m
Rendered recruits/_feedback (22.4ms)
Completed in 89ms (View: 72, DB: 12) | 200 OK [http://localhost/recruits/2]
  [4;36;1mSQL (0.1ms)[0m   [0;1mSET NAMES 'utf8'[0m
  [4;35;1mSQL (0.1ms)[0m   [0mSET SQL_AUTO_IS_NULL=0[0m


Processing RecruitsController#show (for 127.0.0.1 at 2010-03-12 18:27:17) [GET]
  Parameters: {"id"=>"2"}
  [4;36;1mRecruit Columns (2.4ms)[0m   [0;1mSHOW FIELDS FROM `recruits`[0m
  [4;35;1mRecruit Load (0.5ms)[0m   [0mSELECT * FROM `recruits` WHERE (`recruits`.`id` = 2) [0m
Rendering template within layouts/recruits
Rendering recruits/show
  [4;36;1mActivity Load (0.3ms)[0m   [0;1mSELECT * FROM `activities` WHERE (`activities`.recruit_id = 2) [0m
  [4;35;1mActivity Columns (2.3ms)[0m   [0mSHOW FIELDS FROM `activities`[0m
  [4;36;1mActivity::Received Columns (2.9ms)[0m   [0;1mSHOW FIELDS FROM `activities`[0m
Rendered recruits/_activity (143.0ms)
  [4;35;1mFeedback Load (0.3ms)[0m   [0mSELECT * FROM `feedbacks` WHERE (`feedbacks`.recruit_id = 2) [0m
  [4;36;1mFeedback Columns (2.3ms)[0m   [0;1mSHOW FIELDS FROM `feedbacks`[0m
  [4;35;1mActivity Load (0.3ms)[0m   [0mSELECT * FROM `activities` WHERE (`activities`.recruit_id = 2) ORDER BY created_at DESC LIMIT 1[0m
Rendered recruits/_feedback (12.4ms)
Completed in 176ms (View: 160, DB: 12) | 200 OK [http://localhost/recruits/2]
  [4;36;1mSQL (0.1ms)[0m   [0;1mSET NAMES 'utf8'[0m
  [4;35;1mSQL (0.1ms)[0m   [0mSET SQL_AUTO_IS_NULL=0[0m


Processing RecruitsController#show (for 127.0.0.1 at 2010-03-12 18:28:10) [GET]
  Parameters: {"id"=>"2"}
  [4;36;1mRecruit Columns (2.5ms)[0m   [0;1mSHOW FIELDS FROM `recruits`[0m
  [4;35;1mRecruit Load (0.6ms)[0m   [0mSELECT * FROM `recruits` WHERE (`recruits`.`id` = 2) [0m
Rendering template within layouts/recruits
Rendering recruits/show
  [4;36;1mActivity Load (0.3ms)[0m   [0;1mSELECT * FROM `activities` WHERE (`activities`.recruit_id = 2) [0m
  [4;35;1mActivity Columns (2.3ms)[0m   [0mSHOW FIELDS FROM `activities`[0m
  [4;36;1mActivity::Received Columns (2.1ms)[0m   [0;1mSHOW FIELDS FROM `activities`[0m
Rendered recruits/_activity (10.5ms)
  [4;35;1mFeedback Load (0.3ms)[0m   [0mSELECT * FROM `feedbacks` WHERE (`feedbacks`.recruit_id = 2) [0m
  [4;36;1mFeedback Columns (2.4ms)[0m   [0;1mSHOW FIELDS FROM `feedbacks`[0m
  [4;35;1mActivity Load (0.3ms)[0m   [0mSELECT * FROM `activities` WHERE (`activities`.recruit_id = 2) ORDER BY created_at DESC LIMIT 1[0m
Rendered recruits/_feedback (14.1ms)
Completed in 89ms (View: 73, DB: 11) | 200 OK [http://localhost/recruits/2]
  [4;36;1mSQL (0.1ms)[0m   [0;1mSET NAMES 'utf8'[0m
  [4;35;1mSQL (0.1ms)[0m   [0mSET SQL_AUTO_IS_NULL=0[0m


Processing FeedbacksController#create (for 127.0.0.1 at 2010-03-12 18:28:16) [POST]
  Parameters: {"commit"=>"Save changes", "authenticity_token"=>"tbYrw6yDNk4aIrwPhFwhV4A0o5HXJiy+0B/CvMugJmA=", "feedback"=>{"body"=>"This dude is awesome", "activity_id"=>"1", "employee_id"=>"1", "score"=>"2", "recruit_id"=>"2"}}
  [4;36;1mFeedback Columns (2.5ms)[0m   [0;1mSHOW FIELDS FROM `feedbacks`[0m
  [4;35;1mSQL (0.1ms)[0m   [0mBEGIN[0m
  [4;36;1mFeedback Create (0.3ms)[0m   [0;1mINSERT INTO `feedbacks` (`created_at`, `body`, `updated_at`, `activity_id`, `employee_id`, `score`, `recruit_id`) VALUES('2010-03-13 02:28:16', 'This dude is awesome', '2010-03-13 02:28:16', 1, 1, 2.0, 2)[0m
  [4;35;1mSQL (0.6ms)[0m   [0mCOMMIT[0m
Redirected to http://localhost:3000/feedbacks/1
Completed in 14ms (DB: 4) | 302 Found [http://localhost/feedbacks]
  [4;36;1mSQL (0.1ms)[0m   [0;1mSET NAMES 'utf8'[0m
  [4;35;1mSQL (0.1ms)[0m   [0mSET SQL_AUTO_IS_NULL=0[0m


Processing FeedbacksController#show (for 127.0.0.1 at 2010-03-12 18:28:16) [GET]
  Parameters: {"id"=>"1"}
  [4;36;1mFeedback Columns (2.5ms)[0m   [0;1mSHOW FIELDS FROM `feedbacks`[0m
  [4;35;1mFeedback Load (0.5ms)[0m   [0mSELECT * FROM `feedbacks` WHERE (`feedbacks`.`id` = 1) [0m
Rendering template within layouts/feedbacks
Rendering feedbacks/show

ActionView::TemplateError (undefined method `employe_id' for #<Feedback:0x1020eb0c0>) on line #3 of app/views/feedbacks/show.html.erb:
1: <p>
2:   <b>Employe:</b>
3:   <%=h @feedback.employe_id %>
4: </p>
5: 
6: <p>

    app/views/feedbacks/show.html.erb:3
    app/controllers/feedbacks_controller.rb:18:in `show'
    /opt/local/lib/ruby/1.8/webrick/httpserver.rb:104:in `service'
    /opt/local/lib/ruby/1.8/webrick/httpserver.rb:65:in `run'
    /opt/local/lib/ruby/1.8/webrick/server.rb:173:in `start_thread'
    /opt/local/lib/ruby/1.8/webrick/server.rb:162:in `start'
    /opt/local/lib/ruby/1.8/webrick/server.rb:162:in `start_thread'
    /opt/local/lib/ruby/1.8/webrick/server.rb:95:in `start'
    /opt/local/lib/ruby/1.8/webrick/server.rb:92:in `each'
    /opt/local/lib/ruby/1.8/webrick/server.rb:92:in `start'
    /opt/local/lib/ruby/1.8/webrick/server.rb:23:in `start'
    /opt/local/lib/ruby/1.8/webrick/server.rb:82:in `start'

Rendered rescues/_trace (92.5ms)
Rendered rescues/_request_and_response (0.3ms)
Rendering rescues/layout (internal_server_error)
  [4;36;1mSQL (0.1ms)[0m   [0;1mSET NAMES 'utf8'[0m
  [4;35;1mSQL (0.1ms)[0m   [0mSET SQL_AUTO_IS_NULL=0[0m
  [4;36;1mSQL (0.3ms)[0m   [0;1mSHOW TABLES[0m
  [4;35;1mSQL (77.2ms)[0m   [0mCREATE TABLE `activities` (`id` int(11) DEFAULT NULL auto_increment PRIMARY KEY, `type` varchar(255), `recruit_id` int(11), `scheduled_for` datetime, `completed_at` datetime, `creator_id` int(11), `created_at` datetime, `updated_at` datetime) ENGINE=InnoDB[0m
  [4;36;1mSQL (0.4ms)[0m   [0;1mSHOW TABLES[0m
  [4;35;1mSQL (192.8ms)[0m   [0mCREATE TABLE `employees` (`id` int(11) DEFAULT NULL auto_increment PRIMARY KEY, `name` varchar(255), `email` varchar(255), `facebook_uid` int(11), `facebook_session` varchar(255), `created_at` datetime, `updated_at` datetime) ENGINE=InnoDB[0m
  [4;36;1mSQL (0.5ms)[0m   [0;1mSHOW TABLES[0m
  [4;35;1mSQL (74.3ms)[0m   [0mCREATE TABLE `feedbacks` (`id` int(11) DEFAULT NULL auto_increment PRIMARY KEY, `employee_id` int(11), `recruit_id` int(11), `activity_id` int(11), `body` text, `score` float, `created_at` datetime, `updated_at` datetime) ENGINE=InnoDB[0m
  [4;36;1mSQL (0.6ms)[0m   [0;1mSHOW TABLES[0m
  [4;35;1mSQL (74.0ms)[0m   [0mCREATE TABLE `recruits` (`id` int(11) DEFAULT NULL auto_increment PRIMARY KEY, `name` varchar(255), `email` varchar(255), `phone` varchar(255), `referrer` varchar(255), `how_found` text, `created_at` datetime, `updated_at` datetime) ENGINE=InnoDB[0m
  [4;36;1mSQL (0.6ms)[0m   [0;1mSHOW TABLES[0m
  [4;35;1mSQL (74.7ms)[0m   [0mCREATE TABLE `schema_migrations` (`version` varchar(255) NOT NULL) ENGINE=InnoDB[0m
  [4;36;1mSQL (78.5ms)[0m   [0;1mCREATE UNIQUE INDEX `unique_schema_migrations` ON `schema_migrations` (`version`)[0m
  [4;35;1mSQL (2.3ms)[0m   [0mSHOW TABLES[0m
  [4;36;1mSQL (0.4ms)[0m   [0;1mSELECT version FROM `schema_migrations`[0m
  [4;35;1mSQL (0.6ms)[0m   [0mINSERT INTO `schema_migrations` (version) VALUES ('20100313022143')[0m
  [4;36;1mSQL (18.7ms)[0m   [0;1mINSERT INTO `schema_migrations` (version) VALUES ('20100313012105')[0m
  [4;35;1mSQL (2.0ms)[0m   [0mINSERT INTO `schema_migrations` (version) VALUES ('20100313020354')[0m
  [4;36;1mSQL (0.6ms)[0m   [0;1mINSERT INTO `schema_migrations` (version) VALUES ('20100313020542')[0m
  [4;36;1mSQL (0.1ms)[0m   [0;1mSET NAMES 'utf8'[0m
  [4;35;1mSQL (0.1ms)[0m   [0mSET SQL_AUTO_IS_NULL=0[0m


Processing RecruitsController#index (for 127.0.0.1 at 2010-03-12 18:30:51) [GET]
  [4;36;1mRecruit Load (0.5ms)[0m   [0;1mSELECT * FROM `recruits` [0m
Rendering template within layouts/recruits
Rendering recruits/index
Completed in 6ms (View: 1, DB: 1) | 200 OK [http://localhost/]
  [4;35;1mSQL (0.1ms)[0m   [0mSET NAMES 'utf8'[0m
  [4;36;1mSQL (0.1ms)[0m   [0;1mSET SQL_AUTO_IS_NULL=0[0m


Processing RecruitsController#new (for 127.0.0.1 at 2010-03-12 18:30:54) [GET]
  [4;35;1mRecruit Columns (2.4ms)[0m   [0mSHOW FIELDS FROM `recruits`[0m
Rendering template within layouts/recruits
Rendering recruits/new
Completed in 13ms (View: 6, DB: 3) | 200 OK [http://localhost/recruits/new]
  [4;36;1mSQL (0.1ms)[0m   [0;1mSET NAMES 'utf8'[0m
  [4;35;1mSQL (0.1ms)[0m   [0mSET SQL_AUTO_IS_NULL=0[0m


Processing RecruitsController#create (for 127.0.0.1 at 2010-03-12 18:31:02) [POST]
  Parameters: {"commit"=>"Create", "authenticity_token"=>"tbYrw6yDNk4aIrwPhFwhV4A0o5HXJiy+0B/CvMugJmA=", "recruit"=>{"referrer"=>"Kristjan", "name"=>"Chris", "phone"=>"123", "how_found"=>"Hi", "email"=>"chris@"}}
  [4;36;1mRecruit Columns (2.7ms)[0m   [0;1mSHOW FIELDS FROM `recruits`[0m
  [4;35;1mSQL (0.1ms)[0m   [0mBEGIN[0m
  [4;36;1mRecruit Create (0.2ms)[0m   [0;1mINSERT INTO `recruits` (`name`, `referrer`, `created_at`, `updated_at`, `phone`, `email`, `how_found`) VALUES('Chris', 'Kristjan', '2010-03-13 02:31:02', '2010-03-13 02:31:02', '123', 'chris@', 'Hi')[0m
  [4;35;1mActivity::Received Columns (4.0ms)[0m   [0mSHOW FIELDS FROM `activities`[0m
  [4;36;1mActivity::Received Create (0.2ms)[0m   [0;1mINSERT INTO `activities` (`completed_at`, `created_at`, `scheduled_for`, `updated_at`, `creator_id`, `type`, `recruit_id`) VALUES(NULL, '2010-03-13 02:31:03', NULL, '2010-03-13 02:31:03', NULL, 'Activity::Received', 1)[0m
  [4;35;1mSQL (0.6ms)[0m   [0mCOMMIT[0m
Redirected to http://localhost:3000/recruits/1
Completed in 22ms (DB: 8) | 302 Found [http://localhost/recruits]
  [4;36;1mSQL (0.1ms)[0m   [0;1mSET NAMES 'utf8'[0m
  [4;35;1mSQL (0.1ms)[0m   [0mSET SQL_AUTO_IS_NULL=0[0m


Processing RecruitsController#show (for 127.0.0.1 at 2010-03-12 18:31:03) [GET]
  Parameters: {"id"=>"1"}
  [4;36;1mRecruit Columns (2.4ms)[0m   [0;1mSHOW FIELDS FROM `recruits`[0m
  [4;35;1mRecruit Load (0.5ms)[0m   [0mSELECT * FROM `recruits` WHERE (`recruits`.`id` = 1) [0m
Rendering template within layouts/recruits
Rendering recruits/show
  [4;36;1mActivity Load (0.3ms)[0m   [0;1mSELECT * FROM `activities` WHERE (`activities`.recruit_id = 1) [0m
  [4;35;1mActivity Columns (5.6ms)[0m   [0mSHOW FIELDS FROM `activities`[0m
  [4;36;1mActivity::Received Columns (2.5ms)[0m   [0;1mSHOW FIELDS FROM `activities`[0m
Rendered recruits/_activity (14.3ms)
  [4;35;1mFeedback Load (0.5ms)[0m   [0mSELECT * FROM `feedbacks` WHERE (`feedbacks`.recruit_id = 1) [0m
  [4;36;1mFeedback Columns (4.3ms)[0m   [0;1mSHOW FIELDS FROM `feedbacks`[0m
  [4;35;1mActivity Load (0.3ms)[0m   [0mSELECT * FROM `activities` WHERE (`activities`.recruit_id = 1) ORDER BY created_at DESC LIMIT 1[0m
Rendered recruits/_feedback (64.5ms)
Completed in 90ms (View: 68, DB: 17) | 200 OK [http://localhost/recruits/1]
  [4;36;1mSQL (0.1ms)[0m   [0;1mSET NAMES 'utf8'[0m
  [4;35;1mSQL (0.1ms)[0m   [0mSET SQL_AUTO_IS_NULL=0[0m


Processing FeedbacksController#create (for 127.0.0.1 at 2010-03-12 18:31:14) [POST]
  Parameters: {"commit"=>"Save changes", "authenticity_token"=>"tbYrw6yDNk4aIrwPhFwhV4A0o5HXJiy+0B/CvMugJmA=", "feedback"=>{"body"=>"This dude is rad", "activity_id"=>"1", "employee_id"=>"1", "score"=>"1", "recruit_id"=>"1"}}
  [4;36;1mFeedback Columns (2.8ms)[0m   [0;1mSHOW FIELDS FROM `feedbacks`[0m
  [4;35;1mSQL (0.1ms)[0m   [0mBEGIN[0m
  [4;36;1mFeedback Create (0.3ms)[0m   [0;1mINSERT INTO `feedbacks` (`created_at`, `body`, `updated_at`, `activity_id`, `employee_id`, `score`, `recruit_id`) VALUES('2010-03-13 02:31:14', 'This dude is rad', '2010-03-13 02:31:14', 1, 1, 1.0, 1)[0m
  [4;35;1mSQL (0.6ms)[0m   [0mCOMMIT[0m
Redirected to http://localhost:3000/feedbacks/1
Completed in 13ms (DB: 4) | 302 Found [http://localhost/feedbacks]
  [4;36;1mSQL (0.1ms)[0m   [0;1mSET NAMES 'utf8'[0m
  [4;35;1mSQL (0.1ms)[0m   [0mSET SQL_AUTO_IS_NULL=0[0m


Processing FeedbacksController#show (for 127.0.0.1 at 2010-03-12 18:31:14) [GET]
  Parameters: {"id"=>"1"}
  [4;36;1mFeedback Columns (2.5ms)[0m   [0;1mSHOW FIELDS FROM `feedbacks`[0m
  [4;35;1mFeedback Load (0.4ms)[0m   [0mSELECT * FROM `feedbacks` WHERE (`feedbacks`.`id` = 1) [0m
Rendering template within layouts/feedbacks
Rendering feedbacks/show
Completed in 19ms (View: 10, DB: 3) | 200 OK [http://localhost/feedbacks/1]
  [4;36;1mSQL (0.1ms)[0m   [0;1mSET NAMES 'utf8'[0m
  [4;35;1mSQL (0.1ms)[0m   [0mSET SQL_AUTO_IS_NULL=0[0m


Processing RecruitsController#show (for 127.0.0.1 at 2010-03-12 18:31:18) [GET]
  Parameters: {"id"=>"1"}
  [4;36;1mRecruit Columns (2.4ms)[0m   [0;1mSHOW FIELDS FROM `recruits`[0m
  [4;35;1mRecruit Load (0.5ms)[0m   [0mSELECT * FROM `recruits` WHERE (`recruits`.`id` = 1) [0m
Rendering template within layouts/recruits
Rendering recruits/show
  [4;36;1mActivity Load (0.3ms)[0m   [0;1mSELECT * FROM `activities` WHERE (`activities`.recruit_id = 1) [0m
  [4;35;1mActivity Columns (3.1ms)[0m   [0mSHOW FIELDS FROM `activities`[0m
  [4;36;1mActivity::Received Columns (2.5ms)[0m   [0;1mSHOW FIELDS FROM `activities`[0m
Rendered recruits/_activity (11.4ms)
  [4;35;1mFeedback Load (0.3ms)[0m   [0mSELECT * FROM `feedbacks` WHERE (`feedbacks`.recruit_id = 1) [0m
  [4;36;1mFeedback Columns (3.6ms)[0m   [0;1mSHOW FIELDS FROM `feedbacks`[0m
  [4;35;1mActivity Load (0.3ms)[0m   [0mSELECT * FROM `activities` WHERE (`activities`.recruit_id = 1) ORDER BY created_at DESC LIMIT 1[0m
Rendered recruits/_feedback (14.0ms)
Completed in 37ms (View: 18, DB: 13) | 200 OK [http://localhost/recruits/1]
  [4;36;1mSQL (0.1ms)[0m   [0;1mSET NAMES 'utf8'[0m
  [4;35;1mSQL (0.1ms)[0m   [0mSET SQL_AUTO_IS_NULL=0[0m


Processing RecruitsController#show (for 127.0.0.1 at 2010-03-12 18:31:56) [GET]
  Parameters: {"id"=>"1"}
  [4;36;1mRecruit Columns (2.5ms)[0m   [0;1mSHOW FIELDS FROM `recruits`[0m
  [4;35;1mRecruit Load (0.6ms)[0m   [0mSELECT * FROM `recruits` WHERE (`recruits`.`id` = 1) [0m
Rendering template within layouts/recruits
Rendering recruits/show
  [4;36;1mActivity Load (1.0ms)[0m   [0;1mSELECT * FROM `activities` WHERE (`activities`.recruit_id = 1) [0m
  [4;35;1mActivity Columns (2.6ms)[0m   [0mSHOW FIELDS FROM `activities`[0m
  [4;36;1mActivity::Received Columns (2.2ms)[0m   [0;1mSHOW FIELDS FROM `activities`[0m
Rendered recruits/_activity (63.9ms)
ERROR: compiling _run_erb_app47views47recruits47_feedback46html46erb_locals_feedback_object RAISED compile error
/Users/kristjan/src/recruitr/app/views/recruits/_feedback.html.erb:9: syntax error, unexpected tIDENTIFIER, expecting ')'
...t(( f.hidden_field :recruit_id, :value => @recruit.id ).to_s...
                              ^
/Users/kristjan/src/recruitr/app/views/recruits/_feedback.html.erb:9: syntax error, unexpected tASSOC, expecting tCOLON2 or '[' or '.'
...n_field :recruit_id, :value => @recruit.id ).to_s); @output_...
                              ^
Function body:           def _run_erb_app47views47recruits47_feedback46html46erb_locals_feedback_object(local_assigns)
            old_output_buffer = output_buffer;object = local_assigns[:object];feedback = local_assigns[:feedback];;@output_buffer = '';  __in_erb_template=true ; @output_buffer.concat "<h1>Feedback</h1>\n<ul>\n  "

;  @recruit.feedbacks.each do |feedback| ; @output_buffer.concat "\n    "
; @output_buffer.concat(( feedback.body ).to_s); @output_buffer.concat " : "; @output_buffer.concat(( feedback.score %:
  <% end ).to_s); @output_buffer.concat "\n</ul>\n\n"


;  form_for(Feedback.new) do |f| ; @output_buffer.concat "\n  "
; @output_buffer.concat(( f.hidden_field :recruit_id, :value => @recruit.id ).to_s); @output_buffer.concat "\n  "
; @output_buffer.concat(( f.hidden_field :activity_id, :value => @recruit.current_activity.id ).to_s); @output_buffer.concat "\n  "
; @output_buffer.concat(( f.hidden_field :employee_id, :value => 1 ).to_s); @output_buffer.concat "\n\n  <p>\n    "


; @output_buffer.concat(( f.label :body ).to_s); @output_buffer.concat "<br />\n    "
; @output_buffer.concat(( f.text_area :body ).to_s); @output_buffer.concat "\n    "
; @output_buffer.concat(( f.label :score ).to_s); @output_buffer.concat "<br />\n    "
; @output_buffer.concat(( f.text_field :score ).to_s); @output_buffer.concat "\n  </p>\n\n  "


; @output_buffer.concat(( f.submit ).to_s); @output_buffer.concat "\n"
;  end ; @output_buffer.concat "\n"
; @output_buffer
          ensure
            self.output_buffer = old_output_buffer
          end
Backtrace: /Users/kristjan/src/recruitr/app/views/recruits/_feedback.html.erb:25:in `compile!'
/opt/local/lib/ruby/gems/1.8/gems/actionpack-2.3.5/lib/action_view/renderable.rb:61:in `compile'
/opt/local/lib/ruby/gems/1.8/gems/actionpack-2.3.5/lib/action_view/renderable.rb:28:in `render'
/opt/local/lib/ruby/gems/1.8/gems/actionpack-2.3.5/lib/action_view/renderable_partial.rb:20:in `render'
/opt/local/lib/ruby/gems/1.8/gems/actionpack-2.3.5/lib/action_controller/benchmarking.rb:26:in `benchmark'
/opt/local/lib/ruby/gems/1.8/gems/activesupport-2.3.5/lib/active_support/core_ext/benchmark.rb:17:in `ms'
/opt/local/lib/ruby/1.8/benchmark.rb:308:in `realtime'
/opt/local/lib/ruby/gems/1.8/gems/activesupport-2.3.5/lib/active_support/core_ext/benchmark.rb:17:in `ms'
/opt/local/lib/ruby/gems/1.8/gems/actionpack-2.3.5/lib/action_controller/benchmarking.rb:26:in `benchmark'
/opt/local/lib/ruby/gems/1.8/gems/actionpack-2.3.5/lib/action_view/renderable_partial.rb:19:in `render'
/opt/local/lib/ruby/gems/1.8/gems/actionpack-2.3.5/lib/action_view/template.rb:205:in `render_template'
/opt/local/lib/ruby/gems/1.8/gems/actionpack-2.3.5/lib/action_view/renderable_partial.rb:44:in `render_partial'
/opt/local/lib/ruby/gems/1.8/gems/actionpack-2.3.5/lib/action_view/partials.rb:184:in `render_partial'
/opt/local/lib/ruby/gems/1.8/gems/actionpack-2.3.5/lib/action_view/base.rb:267:in `render'
/Users/kristjan/src/recruitr/app/views/recruits/show.html.erb:12:in `_run_erb_app47views47recruits47show46html46erb'
/opt/local/lib/ruby/gems/1.8/gems/actionpack-2.3.5/lib/action_view/renderable.rb:34:in `send'
/opt/local/lib/ruby/gems/1.8/gems/actionpack-2.3.5/lib/action_view/renderable.rb:34:in `render'
/opt/local/lib/ruby/gems/1.8/gems/actionpack-2.3.5/lib/action_view/base.rb:306:in `with_template'
/opt/local/lib/ruby/gems/1.8/gems/actionpack-2.3.5/lib/action_view/renderable.rb:30:in `render'
/opt/local/lib/ruby/gems/1.8/gems/actionpack-2.3.5/lib/action_view/template.rb:205:in `render_template'
/opt/local/lib/ruby/gems/1.8/gems/actionpack-2.3.5/lib/action_view/base.rb:265:in `render'
/opt/local/lib/ruby/gems/1.8/gems/actionpack-2.3.5/lib/action_view/base.rb:348:in `_render_with_layout'
/opt/local/lib/ruby/gems/1.8/gems/actionpack-2.3.5/lib/action_view/base.rb:262:in `render'
/opt/local/lib/ruby/gems/1.8/gems/actionpack-2.3.5/lib/action_controller/base.rb:1250:in `render_for_file'
/opt/local/lib/ruby/gems/1.8/gems/actionpack-2.3.5/lib/action_controller/base.rb:951:in `render_without_benchmark'
/opt/local/lib/ruby/gems/1.8/gems/actionpack-2.3.5/lib/action_controller/benchmarking.rb:51:in `render'
/opt/local/lib/ruby/gems/1.8/gems/activesupport-2.3.5/lib/active_support/core_ext/benchmark.rb:17:in `ms'
/opt/local/lib/ruby/1.8/benchmark.rb:308:in `realtime'
/opt/local/lib/ruby/gems/1.8/gems/activesupport-2.3.5/lib/active_support/core_ext/benchmark.rb:17:in `ms'
/opt/local/lib/ruby/gems/1.8/gems/actionpack-2.3.5/lib/action_controller/benchmarking.rb:51:in `render'
/opt/local/lib/ruby/gems/1.8/gems/actionpack-2.3.5/lib/action_controller/mime_responds.rb:135:in `send'
/opt/local/lib/ruby/gems/1.8/gems/actionpack-2.3.5/lib/action_controller/mime_responds.rb:135:in `custom'
/opt/local/lib/ruby/gems/1.8/gems/actionpack-2.3.5/lib/action_controller/mime_responds.rb:179:in `call'
/opt/local/lib/ruby/gems/1.8/gems/actionpack-2.3.5/lib/action_controller/mime_responds.rb:179:in `respond'
/opt/local/lib/ruby/gems/1.8/gems/actionpack-2.3.5/lib/action_controller/mime_responds.rb:173:in `each'
/opt/local/lib/ruby/gems/1.8/gems/actionpack-2.3.5/lib/action_controller/mime_responds.rb:173:in `respond'
/opt/local/lib/ruby/gems/1.8/gems/actionpack-2.3.5/lib/action_controller/mime_responds.rb:107:in `respond_to'
/Users/kristjan/src/recruitr/app/controllers/recruits_controller.rb:18:in `show'
/opt/local/lib/ruby/gems/1.8/gems/actionpack-2.3.5/lib/action_controller/base.rb:1331:in `send'
/opt/local/lib/ruby/gems/1.8/gems/actionpack-2.3.5/lib/action_controller/base.rb:1331:in `perform_action_without_filters'
/opt/local/lib/ruby/gems/1.8/gems/actionpack-2.3.5/lib/action_controller/filters.rb:617:in `call_filters'
/opt/local/lib/ruby/gems/1.8/gems/actionpack-2.3.5/lib/action_controller/filters.rb:610:in `perform_action_without_benchmark'
/opt/local/lib/ruby/gems/1.8/gems/actionpack-2.3.5/lib/action_controller/benchmarking.rb:68:in `perform_action_without_rescue'
/opt/local/lib/ruby/gems/1.8/gems/activesupport-2.3.5/lib/active_support/core_ext/benchmark.rb:17:in `ms'
/opt/local/lib/ruby/1.8/benchmark.rb:308:in `realtime'
/opt/local/lib/ruby/gems/1.8/gems/activesupport-2.3.5/lib/active_support/core_ext/benchmark.rb:17:in `ms'
/opt/local/lib/ruby/gems/1.8/gems/actionpack-2.3.5/lib/action_controller/benchmarking.rb:68:in `perform_action_without_rescue'
/opt/local/lib/ruby/gems/1.8/gems/actionpack-2.3.5/lib/action_controller/rescue.rb:160:in `perform_action_without_flash'
/opt/local/lib/ruby/gems/1.8/gems/actionpack-2.3.5/lib/action_controller/flash.rb:146:in `perform_action'
/opt/local/lib/ruby/gems/1.8/gems/actionpack-2.3.5/lib/action_controller/base.rb:532:in `send'
/opt/local/lib/ruby/gems/1.8/gems/actionpack-2.3.5/lib/action_controller/base.rb:532:in `process_without_filters'
/opt/local/lib/ruby/gems/1.8/gems/actionpack-2.3.5/lib/action_controller/filters.rb:606:in `process'
/opt/local/lib/ruby/gems/1.8/gems/actionpack-2.3.5/lib/action_controller/base.rb:391:in `process'
/opt/local/lib/ruby/gems/1.8/gems/actionpack-2.3.5/lib/action_controller/base.rb:386:in `call'
/opt/local/lib/ruby/gems/1.8/gems/actionpack-2.3.5/lib/action_controller/routing/route_set.rb:437:in `call'
/opt/local/lib/ruby/gems/1.8/gems/actionpack-2.3.5/lib/action_controller/dispatcher.rb:87:in `dispatch'
/opt/local/lib/ruby/gems/1.8/gems/actionpack-2.3.5/lib/action_controller/dispatcher.rb:121:in `_call'
/opt/local/lib/ruby/gems/1.8/gems/actionpack-2.3.5/lib/action_controller/dispatcher.rb:130:in `build_middleware_stack'
/opt/local/lib/ruby/gems/1.8/gems/activerecord-2.3.5/lib/active_record/query_cache.rb:29:in `call'
/opt/local/lib/ruby/gems/1.8/gems/activerecord-2.3.5/lib/active_record/query_cache.rb:29:in `call'
/opt/local/lib/ruby/gems/1.8/gems/activerecord-2.3.5/lib/active_record/connection_adapters/abstract/query_cache.rb:34:in `cache'
/opt/local/lib/ruby/gems/1.8/gems/activerecord-2.3.5/lib/active_record/query_cache.rb:9:in `cache'
/opt/local/lib/ruby/gems/1.8/gems/activerecord-2.3.5/lib/active_record/query_cache.rb:28:in `call'
/opt/local/lib/ruby/gems/1.8/gems/activerecord-2.3.5/lib/active_record/connection_adapters/abstract/connection_pool.rb:361:in `call'
/opt/local/lib/ruby/gems/1.8/gems/actionpack-2.3.5/lib/action_controller/string_coercion.rb:25:in `call'
/opt/local/lib/ruby/gems/1.8/gems/rack-1.0.1/lib/rack/head.rb:9:in `call'
/opt/local/lib/ruby/gems/1.8/gems/rack-1.0.1/lib/rack/methodoverride.rb:24:in `call'
/opt/local/lib/ruby/gems/1.8/gems/actionpack-2.3.5/lib/action_controller/params_parser.rb:15:in `call'
/opt/local/lib/ruby/gems/1.8/gems/actionpack-2.3.5/lib/action_controller/session/cookie_store.rb:93:in `call'
/opt/local/lib/ruby/gems/1.8/gems/actionpack-2.3.5/lib/action_controller/failsafe.rb:26:in `call'
/opt/local/lib/ruby/gems/1.8/gems/rack-1.0.1/lib/rack/lock.rb:11:in `call'
/opt/local/lib/ruby/gems/1.8/gems/rack-1.0.1/lib/rack/lock.rb:11:in `synchronize'
/opt/local/lib/ruby/gems/1.8/gems/rack-1.0.1/lib/rack/lock.rb:11:in `call'
/opt/local/lib/ruby/gems/1.8/gems/actionpack-2.3.5/lib/action_controller/dispatcher.rb:114:in `call'
/opt/local/lib/ruby/gems/1.8/gems/actionpack-2.3.5/lib/action_controller/reloader.rb:34:in `run'
/opt/local/lib/ruby/gems/1.8/gems/actionpack-2.3.5/lib/action_controller/dispatcher.rb:108:in `call'
/opt/local/lib/ruby/gems/1.8/gems/rails-2.3.5/lib/rails/rack/static.rb:31:in `call'
/opt/local/lib/ruby/gems/1.8/gems/rack-1.0.1/lib/rack/urlmap.rb:46:in `call'
/opt/local/lib/ruby/gems/1.8/gems/rack-1.0.1/lib/rack/urlmap.rb:40:in `each'
/opt/local/lib/ruby/gems/1.8/gems/rack-1.0.1/lib/rack/urlmap.rb:40:in `call'
/opt/local/lib/ruby/gems/1.8/gems/rails-2.3.5/lib/rails/rack/log_tailer.rb:17:in `call'
/opt/local/lib/ruby/gems/1.8/gems/rack-1.0.1/lib/rack/content_length.rb:13:in `call'
/opt/local/lib/ruby/gems/1.8/gems/rack-1.0.1/lib/rack/handler/webrick.rb:50:in `service'
/opt/local/lib/ruby/1.8/webrick/httpserver.rb:104:in `service'
/opt/local/lib/ruby/1.8/webrick/httpserver.rb:65:in `run'
/opt/local/lib/ruby/1.8/webrick/server.rb:173:in `start_thread'
/opt/local/lib/ruby/1.8/webrick/server.rb:162:in `start'
/opt/local/lib/ruby/1.8/webrick/server.rb:162:in `start_thread'
/opt/local/lib/ruby/1.8/webrick/server.rb:95:in `start'
/opt/local/lib/ruby/1.8/webrick/server.rb:92:in `each'
/opt/local/lib/ruby/1.8/webrick/server.rb:92:in `start'
/opt/local/lib/ruby/1.8/webrick/server.rb:23:in `start'
/opt/local/lib/ruby/1.8/webrick/server.rb:82:in `start'
/opt/local/lib/ruby/gems/1.8/gems/rack-1.0.1/lib/rack/handler/webrick.rb:14:in `run'
/opt/local/lib/ruby/gems/1.8/gems/rails-2.3.5/lib/commands/server.rb:111
/opt/local/lib/ruby/vendor_ruby/1.8/rubygems/custom_require.rb:31:in `gem_original_require'
/opt/local/lib/ruby/vendor_ruby/1.8/rubygems/custom_require.rb:31:in `require'
script/server:3

ActionView::TemplateError (compile error
/Users/kristjan/src/recruitr/app/views/recruits/_feedback.html.erb:9: syntax error, unexpected tIDENTIFIER, expecting ')'
...t(( f.hidden_field :recruit_id, :value => @recruit.id ).to_s...
                              ^
/Users/kristjan/src/recruitr/app/views/recruits/_feedback.html.erb:9: syntax error, unexpected tASSOC, expecting tCOLON2 or '[' or '.'
...n_field :recruit_id, :value => @recruit.id ).to_s); @output_...
                              ^) on line #9 of app/views/recruits/_feedback.html.erb:
6: </ul>
7: 
8: <% form_for(Feedback.new) do |f| %>
9:   <%= f.hidden_field :recruit_id, :value => @recruit.id %>
10:   <%= f.hidden_field :activity_id, :value => @recruit.current_activity.id %>
11:   <%= f.hidden_field :employee_id, :value => 1 %>
12: 

    app/views/recruits/_feedback.html.erb:25:in `compile!'
    app/views/recruits/show.html.erb:12
    app/controllers/recruits_controller.rb:18:in `show'
    /opt/local/lib/ruby/1.8/webrick/httpserver.rb:104:in `service'
    /opt/local/lib/ruby/1.8/webrick/httpserver.rb:65:in `run'
    /opt/local/lib/ruby/1.8/webrick/server.rb:173:in `start_thread'
    /opt/local/lib/ruby/1.8/webrick/server.rb:162:in `start'
    /opt/local/lib/ruby/1.8/webrick/server.rb:162:in `start_thread'
    /opt/local/lib/ruby/1.8/webrick/server.rb:95:in `start'
    /opt/local/lib/ruby/1.8/webrick/server.rb:92:in `each'
    /opt/local/lib/ruby/1.8/webrick/server.rb:92:in `start'
    /opt/local/lib/ruby/1.8/webrick/server.rb:23:in `start'
    /opt/local/lib/ruby/1.8/webrick/server.rb:82:in `start'

Rendered rescues/_trace (46.0ms)
Rendered rescues/_request_and_response (0.3ms)
Rendering rescues/layout (internal_server_error)
  [4;35;1mSQL (0.1ms)[0m   [0mSET NAMES 'utf8'[0m
  [4;36;1mSQL (0.1ms)[0m   [0;1mSET SQL_AUTO_IS_NULL=0[0m


Processing RecruitsController#show (for 127.0.0.1 at 2010-03-12 18:32:09) [GET]
  Parameters: {"id"=>"1"}
  [4;35;1mRecruit Columns (3.5ms)[0m   [0mSHOW FIELDS FROM `recruits`[0m
  [4;36;1mRecruit Load (0.5ms)[0m   [0;1mSELECT * FROM `recruits` WHERE (`recruits`.`id` = 1) [0m
Rendering template within layouts/recruits
Rendering recruits/show
  [4;35;1mActivity Load (0.8ms)[0m   [0mSELECT * FROM `activities` WHERE (`activities`.recruit_id = 1) [0m
  [4;36;1mActivity Columns (2.7ms)[0m   [0;1mSHOW FIELDS FROM `activities`[0m
  [4;35;1mActivity::Received Columns (2.3ms)[0m   [0mSHOW FIELDS FROM `activities`[0m
Rendered recruits/_activity (12.6ms)
  [4;36;1mFeedback Load (0.3ms)[0m   [0;1mSELECT * FROM `feedbacks` WHERE (`feedbacks`.recruit_id = 1) [0m
  [4;35;1mFeedback Columns (2.5ms)[0m   [0mSHOW FIELDS FROM `feedbacks`[0m
  [4;36;1mActivity Load (0.3ms)[0m   [0;1mSELECT * FROM `activities` WHERE (`activities`.recruit_id = 1) ORDER BY created_at DESC LIMIT 1[0m
Rendered recruits/_feedback (13.1ms)
Completed in 41ms (View: 23, DB: 13) | 200 OK [http://localhost/recruits/1]
  [4;36;1mSQL (0.1ms)[0m   [0;1mSET NAMES 'utf8'[0m
  [4;35;1mSQL (0.1ms)[0m   [0mSET SQL_AUTO_IS_NULL=0[0m
  [4;36;1mSQL (0.7ms)[0m   [0;1mSHOW TABLES[0m
  [4;35;1mActivity Columns (2.3ms)[0m   [0mSHOW FIELDS FROM `activities`[0m
  [4;36;1mSQL (0.1ms)[0m   [0;1mSET NAMES 'utf8'[0m
  [4;35;1mSQL (0.1ms)[0m   [0mSET SQL_AUTO_IS_NULL=0[0m
  [4;36;1mEmployee Columns (2.5ms)[0m   [0;1mSHOW FIELDS FROM `employees`[0m
  [4;35;1mSQL (0.1ms)[0m   [0mBEGIN[0m
  [4;36;1mEmployee Create (0.3ms)[0m   [0;1mINSERT INTO `employees` (`name`, `created_at`, `facebook_uid`, `updated_at`, `facebook_session`, `email`) VALUES('Kristján', '2010-03-13 02:37:06', 204381, '2010-03-13 02:37:06', NULL, 'kristjan@causes.com')[0m
  [4;35;1mSQL (0.5ms)[0m   [0mCOMMIT[0m
  [4;36;1mSQL (0.1ms)[0m   [0;1mSET NAMES 'utf8'[0m
  [4;35;1mSQL (0.1ms)[0m   [0mSET SQL_AUTO_IS_NULL=0[0m
  [4;36;1mEmployee Load (0.2ms)[0m   [0;1mSELECT * FROM `employees` LIMIT 1[0m
  [4;35;1mSQL (0.9ms)[0m   [0mSHOW TABLES[0m
  [4;36;1mSQL (0.1ms)[0m   [0;1mSET NAMES 'utf8'[0m
  [4;35;1mSQL (0.1ms)[0m   [0mSET SQL_AUTO_IS_NULL=0[0m
  [4;36;1mSQL (0.7ms)[0m   [0;1mSHOW TABLES[0m
  [4;35;1mSQL (0.2ms)[0m   [0mSELECT version FROM schema_migrations[0m
  [4;36;1mSQL (0.5ms)[0m   [0;1mSHOW TABLES[0m
  [4;35;1mSQL (0.1ms)[0m   [0mSELECT version FROM schema_migrations[0m
Migrating to CreateActivities (20100313022143)
  [4;36;1mSQL (1.2ms)[0m   [0;1mDROP TABLE `activities`[0m
  [4;35;1mSQL (1.4ms)[0m   [0mDELETE FROM schema_migrations WHERE version = '20100313022143'[0m
  [4;36;1mSQL (0.7ms)[0m   [0;1mSHOW TABLES[0m
  [4;35;1mSQL (0.2ms)[0m   [0mSELECT version FROM schema_migrations[0m
  [4;36;1mSQL (0.5ms)[0m   [0;1mSHOW TABLES[0m
  [4;35;1mSQL (4.2ms)[0m   [0mSHOW FIELDS FROM `employees`[0m
  [4;36;1mSQL (6.3ms)[0m   [0;1mdescribe `employees`[0m
  [4;35;1mSQL (1.6ms)[0m   [0mSHOW KEYS FROM `employees`[0m
  [4;36;1mSQL (2.3ms)[0m   [0;1mSHOW FIELDS FROM `feedbacks`[0m
  [4;35;1mSQL (2.5ms)[0m   [0mdescribe `feedbacks`[0m
  [4;36;1mSQL (0.5ms)[0m   [0;1mSHOW KEYS FROM `feedbacks`[0m
  [4;35;1mSQL (2.8ms)[0m   [0mSHOW FIELDS FROM `recruits`[0m
  [4;36;1mSQL (2.7ms)[0m   [0;1mdescribe `recruits`[0m
  [4;35;1mSQL (0.9ms)[0m   [0mSHOW KEYS FROM `recruits`[0m
  [4;36;1mSQL (0.5ms)[0m   [0;1mSHOW TABLES[0m
  [4;35;1mSQL (0.2ms)[0m   [0mSELECT version FROM schema_migrations[0m
Migrating to CreateRecruits (20100313012105)
Migrating to CreateEmployees (20100313020354)
Migrating to CreateFeedbacks (20100313020542)
Migrating to CreateActivities (20100313022143)
  [4;36;1mSQL (69.6ms)[0m   [0;1mCREATE TABLE `activities` (`id` int(11) DEFAULT NULL auto_increment PRIMARY KEY, `type` varchar(255), `recruit_id` int(11), `scheduled_for` datetime, `completed_at` datetime, `creator_id` int(11), `created_at` datetime, `updated_at` datetime) ENGINE=InnoDB[0m
  [4;35;1mSQL (0.7ms)[0m   [0mINSERT INTO schema_migrations (version) VALUES ('20100313022143')[0m
Migrating to CreateEmployeeActivities (20100313023549)
  [4;36;1mSQL (0.1ms)[0m   [0;1mSET NAMES 'utf8'[0m
  [4;35;1mSQL (0.1ms)[0m   [0mSET SQL_AUTO_IS_NULL=0[0m
  [4;36;1mEmployee Load (0.2ms)[0m   [0;1mSELECT * FROM `employees` LIMIT 1[0m
  [4;35;1mSQL (1.8ms)[0m   [0mSHOW TABLES[0m
  [4;36;1mSQL (0.1ms)[0m   [0;1mSET NAMES 'utf8'[0m
  [4;35;1mSQL (0.1ms)[0m   [0mSET SQL_AUTO_IS_NULL=0[0m
  [4;36;1mSQL (0.6ms)[0m   [0;1mSHOW TABLES[0m
  [4;35;1mSQL (0.2ms)[0m   [0mSELECT version FROM schema_migrations[0m
Migrating to CreateRecruits (20100313012105)
Migrating to CreateEmployees (20100313020354)
Migrating to CreateFeedbacks (20100313020542)
Migrating to CreateActivities (20100313022143)
Migrating to CreateEmployeeActivities (20100313023549)
  [4;36;1mSQL (0.1ms)[0m   [0;1mSET NAMES 'utf8'[0m
  [4;35;1mSQL (0.1ms)[0m   [0mSET SQL_AUTO_IS_NULL=0[0m
  [4;36;1mSQL (0.6ms)[0m   [0;1mSHOW TABLES[0m
  [4;35;1mSQL (0.2ms)[0m   [0mSELECT version FROM schema_migrations[0m
Migrating to CreateRecruits (20100313012105)
Migrating to CreateEmployees (20100313020354)
Migrating to CreateFeedbacks (20100313020542)
Migrating to CreateActivities (20100313022143)
Migrating to CreateEmployeeActivities (20100313023549)
  [4;36;1mSQL (47.8ms)[0m   [0;1mCREATE TABLE `employee_activities` (`id` int(11) DEFAULT NULL auto_increment PRIMARY KEY, `activity_id` int(11), `employee_id` int(11)) ENGINE=InnoDB[0m
  [4;35;1mSQL (0.8ms)[0m   [0mINSERT INTO schema_migrations (version) VALUES ('20100313023549')[0m
  [4;36;1mSQL (0.8ms)[0m   [0;1mSHOW TABLES[0m
  [4;35;1mSQL (0.2ms)[0m   [0mSELECT version FROM schema_migrations[0m
  [4;36;1mSQL (0.6ms)[0m   [0;1mSHOW TABLES[0m
  [4;35;1mSQL (2.3ms)[0m   [0mSHOW FIELDS FROM `activities`[0m
  [4;36;1mSQL (2.5ms)[0m   [0;1mdescribe `activities`[0m
  [4;35;1mSQL (0.6ms)[0m   [0mSHOW KEYS FROM `activities`[0m
  [4;36;1mSQL (3.9ms)[0m   [0;1mSHOW FIELDS FROM `employee_activities`[0m
  [4;35;1mSQL (2.2ms)[0m   [0mdescribe `employee_activities`[0m
  [4;36;1mSQL (0.6ms)[0m   [0;1mSHOW KEYS FROM `employee_activities`[0m
  [4;35;1mSQL (2.1ms)[0m   [0mSHOW FIELDS FROM `employees`[0m
  [4;36;1mSQL (3.1ms)[0m   [0;1mdescribe `employees`[0m
  [4;35;1mSQL (1.1ms)[0m   [0mSHOW KEYS FROM `employees`[0m
  [4;36;1mSQL (2.2ms)[0m   [0;1mSHOW FIELDS FROM `feedbacks`[0m
  [4;35;1mSQL (4.8ms)[0m   [0mdescribe `feedbacks`[0m
  [4;36;1mSQL (5.7ms)[0m   [0;1mSHOW KEYS FROM `feedbacks`[0m
  [4;35;1mSQL (2.5ms)[0m   [0mSHOW FIELDS FROM `recruits`[0m
  [4;36;1mSQL (3.3ms)[0m   [0;1mdescribe `recruits`[0m
  [4;35;1mSQL (0.3ms)[0m   [0mSHOW KEYS FROM `recruits`[0m
  [4;36;1mSQL (0.1ms)[0m   [0;1mSET NAMES 'utf8'[0m
  [4;35;1mSQL (0.1ms)[0m   [0mSET SQL_AUTO_IS_NULL=0[0m
  [4;36;1mEmployee Load (0.2ms)[0m   [0;1mSELECT * FROM `employees` LIMIT 1[0m
  [4;35;1mSQL (1.0ms)[0m   [0mSHOW TABLES[0m
  [4;36;1mEmployeeActivity Columns (3.8ms)[0m   [0;1mSHOW FIELDS FROM `employee_activities`[0m
  [4;35;1mActivity Load (0.3ms)[0m   [0mSELECT * FROM `activities` LIMIT 1[0m
  [4;36;1mSQL (1.7ms)[0m   [0;1mSHOW TABLES[0m
  [4;35;1mSQL (0.2ms)[0m   [0mSET NAMES 'utf8'[0m
  [4;36;1mSQL (0.1ms)[0m   [0;1mSET SQL_AUTO_IS_NULL=0[0m
  [4;35;1mEmployee Load (0.5ms)[0m   [0mSELECT * FROM `employees` LIMIT 1[0m
  [4;36;1mEmployee Columns (3.2ms)[0m   [0;1mSHOW FIELDS FROM `employees`[0m
  [4;35;1mActivity Load (0.4ms)[0m   [0mSELECT `activities`.* FROM `activities` INNER JOIN `employee_activities` ON `activities`.id = `employee_activities`.activity_id WHERE ((`employee_activities`.employee_id = 1)) [0m
  [4;36;1mSQL (0.1ms)[0m   [0;1mSET NAMES 'utf8'[0m
  [4;35;1mSQL (0.1ms)[0m   [0mSET SQL_AUTO_IS_NULL=0[0m
  [4;36;1mSQL (0.3ms)[0m   [0;1mSHOW TABLES[0m
  [4;35;1mSQL (68.7ms)[0m   [0mCREATE TABLE `activities` (`id` int(11) DEFAULT NULL auto_increment PRIMARY KEY, `type` varchar(255), `recruit_id` int(11), `scheduled_for` datetime, `completed_at` datetime, `creator_id` int(11), `created_at` datetime, `updated_at` datetime) ENGINE=InnoDB[0m
  [4;36;1mSQL (0.3ms)[0m   [0;1mSHOW TABLES[0m
  [4;35;1mSQL (196.5ms)[0m   [0mCREATE TABLE `employee_activities` (`id` int(11) DEFAULT NULL auto_increment PRIMARY KEY, `activity_id` int(11), `employee_id` int(11)) ENGINE=InnoDB[0m
  [4;36;1mSQL (0.5ms)[0m   [0;1mSHOW TABLES[0m
  [4;35;1mSQL (82.2ms)[0m   [0mCREATE TABLE `employees` (`id` int(11) DEFAULT NULL auto_increment PRIMARY KEY, `name` varchar(255), `email` varchar(255), `facebook_uid` int(11), `facebook_session` varchar(255), `created_at` datetime, `updated_at` datetime) ENGINE=InnoDB[0m
  [4;36;1mSQL (0.7ms)[0m   [0;1mSHOW TABLES[0m
  [4;35;1mSQL (73.7ms)[0m   [0mCREATE TABLE `feedbacks` (`id` int(11) DEFAULT NULL auto_increment PRIMARY KEY, `employee_id` int(11), `recruit_id` int(11), `activity_id` int(11), `body` text, `score` float, `created_at` datetime, `updated_at` datetime) ENGINE=InnoDB[0m
  [4;36;1mSQL (0.7ms)[0m   [0;1mSHOW TABLES[0m
  [4;35;1mSQL (74.0ms)[0m   [0mCREATE TABLE `recruits` (`id` int(11) DEFAULT NULL auto_increment PRIMARY KEY, `name` varchar(255), `email` varchar(255), `phone` varchar(255), `referrer` varchar(255), `how_found` text, `created_at` datetime, `updated_at` datetime) ENGINE=InnoDB[0m
  [4;36;1mSQL (0.9ms)[0m   [0;1mSHOW TABLES[0m
  [4;35;1mSQL (73.5ms)[0m   [0mCREATE TABLE `schema_migrations` (`version` varchar(255) NOT NULL) ENGINE=InnoDB[0m
  [4;36;1mSQL (78.4ms)[0m   [0;1mCREATE UNIQUE INDEX `unique_schema_migrations` ON `schema_migrations` (`version`)[0m
  [4;35;1mSQL (2.4ms)[0m   [0mSHOW TABLES[0m
  [4;36;1mSQL (0.4ms)[0m   [0;1mSELECT version FROM `schema_migrations`[0m
  [4;35;1mSQL (0.6ms)[0m   [0mINSERT INTO `schema_migrations` (version) VALUES ('20100313023549')[0m
  [4;36;1mSQL (0.7ms)[0m   [0;1mINSERT INTO `schema_migrations` (version) VALUES ('20100313012105')[0m
  [4;35;1mSQL (0.7ms)[0m   [0mINSERT INTO `schema_migrations` (version) VALUES ('20100313020354')[0m
  [4;36;1mSQL (0.7ms)[0m   [0;1mINSERT INTO `schema_migrations` (version) VALUES ('20100313020542')[0m
  [4;35;1mSQL (0.6ms)[0m   [0mINSERT INTO `schema_migrations` (version) VALUES ('20100313022143')[0m
  [4;36;1mSQL (0.1ms)[0m   [0;1mSET NAMES 'utf8'[0m
  [4;35;1mSQL (0.1ms)[0m   [0mSET SQL_AUTO_IS_NULL=0[0m
  [4;36;1mEmployee Columns (2.5ms)[0m   [0;1mSHOW FIELDS FROM `employees`[0m
  [4;35;1mSQL (0.1ms)[0m   [0mBEGIN[0m
  [4;36;1mEmployee Create (0.3ms)[0m   [0;1mINSERT INTO `employees` (`name`, `created_at`, `facebook_uid`, `updated_at`, `facebook_session`, `email`) VALUES('Kristjan', '2010-03-13 02:41:17', NULL, '2010-03-13 02:41:17', NULL, NULL)[0m
  [4;35;1mSQL (0.5ms)[0m   [0mCOMMIT[0m
  [4;35;1mSQL (0.1ms)[0m   [0mSET NAMES 'utf8'[0m
  [4;36;1mSQL (0.1ms)[0m   [0;1mSET SQL_AUTO_IS_NULL=0[0m


Processing RecruitsController#index (for 127.0.0.1 at 2010-03-12 18:41:22) [GET]
  [4;35;1mRecruit Load (0.5ms)[0m   [0mSELECT * FROM `recruits` [0m
Rendering template within layouts/recruits
Rendering recruits/index
Completed in 6ms (View: 1, DB: 1) | 200 OK [http://localhost/]
  [4;36;1mSQL (0.1ms)[0m   [0;1mSET NAMES 'utf8'[0m
  [4;35;1mSQL (0.1ms)[0m   [0mSET SQL_AUTO_IS_NULL=0[0m


Processing RecruitsController#new (for 127.0.0.1 at 2010-03-12 18:41:25) [GET]
  [4;36;1mRecruit Columns (2.5ms)[0m   [0;1mSHOW FIELDS FROM `recruits`[0m
Rendering template within layouts/recruits
Rendering recruits/new
Completed in 13ms (View: 5, DB: 3) | 200 OK [http://localhost/recruits/new]
  [4;35;1mSQL (0.1ms)[0m   [0mSET NAMES 'utf8'[0m
  [4;36;1mSQL (0.1ms)[0m   [0;1mSET SQL_AUTO_IS_NULL=0[0m


Processing RecruitsController#create (for 127.0.0.1 at 2010-03-12 18:41:30) [POST]
  Parameters: {"commit"=>"Create", "authenticity_token"=>"tbYrw6yDNk4aIrwPhFwhV4A0o5HXJiy+0B/CvMugJmA=", "recruit"=>{"referrer"=>"wjkld", "name"=>"CHris", "phone"=>"124", "how_found"=>"jlk", "email"=>"awe"}}
  [4;35;1mRecruit Columns (2.5ms)[0m   [0mSHOW FIELDS FROM `recruits`[0m
  [4;36;1mSQL (0.1ms)[0m   [0;1mBEGIN[0m
  [4;35;1mRecruit Create (0.2ms)[0m   [0mINSERT INTO `recruits` (`name`, `referrer`, `created_at`, `updated_at`, `phone`, `email`, `how_found`) VALUES('CHris', 'wjkld', '2010-03-13 02:41:30', '2010-03-13 02:41:30', '124', 'awe', 'jlk')[0m
  [4;36;1mActivity::Received Columns (4.5ms)[0m   [0;1mSHOW FIELDS FROM `activities`[0m
  [4;35;1mActivity::Received Create (0.3ms)[0m   [0mINSERT INTO `activities` (`completed_at`, `created_at`, `scheduled_for`, `updated_at`, `creator_id`, `type`, `recruit_id`) VALUES(NULL, '2010-03-13 02:41:30', NULL, '2010-03-13 02:41:30', NULL, 'Activity::Received', 1)[0m
  [4;36;1mSQL (0.6ms)[0m   [0;1mCOMMIT[0m
Redirected to http://localhost:3000/recruits/1
Completed in 25ms (DB: 8) | 302 Found [http://localhost/recruits]
  [4;35;1mSQL (0.1ms)[0m   [0mSET NAMES 'utf8'[0m
  [4;36;1mSQL (0.1ms)[0m   [0;1mSET SQL_AUTO_IS_NULL=0[0m


Processing RecruitsController#show (for 127.0.0.1 at 2010-03-12 18:41:30) [GET]
  Parameters: {"id"=>"1"}
  [4;35;1mRecruit Columns (2.5ms)[0m   [0mSHOW FIELDS FROM `recruits`[0m
  [4;36;1mRecruit Load (0.3ms)[0m   [0;1mSELECT * FROM `recruits` WHERE (`recruits`.`id` = 1) [0m
Rendering template within layouts/recruits
Rendering recruits/show
  [4;35;1mActivity Load (0.3ms)[0m   [0mSELECT * FROM `activities` WHERE (`activities`.recruit_id = 1) [0m
  [4;36;1mActivity Columns (4.5ms)[0m   [0;1mSHOW FIELDS FROM `activities`[0m
  [4;35;1mActivity::Received Columns (2.5ms)[0m   [0mSHOW FIELDS FROM `activities`[0m
Rendered recruits/_activity (15.8ms)
  [4;36;1mFeedback Load (0.5ms)[0m   [0;1mSELECT * FROM `feedbacks` WHERE (`feedbacks`.recruit_id = 1) [0m
  [4;35;1mFeedback Columns (2.4ms)[0m   [0mSHOW FIELDS FROM `feedbacks`[0m
  [4;36;1mActivity Load (0.3ms)[0m   [0;1mSELECT * FROM `activities` WHERE (`activities`.recruit_id = 1) ORDER BY created_at DESC LIMIT 1[0m
Rendered recruits/_feedback (13.6ms)
Completed in 41ms (View: 22, DB: 14) | 200 OK [http://localhost/recruits/1]
  [4;35;1mSQL (0.1ms)[0m   [0mSET NAMES 'utf8'[0m
  [4;36;1mSQL (0.1ms)[0m   [0;1mSET SQL_AUTO_IS_NULL=0[0m


Processing FeedbacksController#create (for 127.0.0.1 at 2010-03-12 18:41:35) [POST]
  Parameters: {"commit"=>"Save changes", "authenticity_token"=>"tbYrw6yDNk4aIrwPhFwhV4A0o5HXJiy+0B/CvMugJmA=", "feedback"=>{"body"=>"Cool", "activity_id"=>"1", "employee_id"=>"1", "score"=>"hi", "recruit_id"=>"1"}}
  [4;35;1mFeedback Columns (2.5ms)[0m   [0mSHOW FIELDS FROM `feedbacks`[0m
  [4;36;1mSQL (0.1ms)[0m   [0;1mBEGIN[0m
  [4;35;1mFeedback Create (0.2ms)[0m   [0mINSERT INTO `feedbacks` (`created_at`, `body`, `updated_at`, `activity_id`, `employee_id`, `score`, `recruit_id`) VALUES('2010-03-13 02:41:35', 'Cool', '2010-03-13 02:41:35', 1, 1, 0.0, 1)[0m
  [4;36;1mSQL (0.5ms)[0m   [0;1mCOMMIT[0m
Redirected to http://localhost:3000/feedbacks/1
Completed in 12ms (DB: 4) | 302 Found [http://localhost/feedbacks]
  [4;35;1mSQL (0.1ms)[0m   [0mSET NAMES 'utf8'[0m
  [4;36;1mSQL (0.1ms)[0m   [0;1mSET SQL_AUTO_IS_NULL=0[0m


Processing FeedbacksController#show (for 127.0.0.1 at 2010-03-12 18:41:35) [GET]
  Parameters: {"id"=>"1"}
  [4;35;1mFeedback Columns (2.4ms)[0m   [0mSHOW FIELDS FROM `feedbacks`[0m
  [4;36;1mFeedback Load (0.5ms)[0m   [0;1mSELECT * FROM `feedbacks` WHERE (`feedbacks`.`id` = 1) [0m
Rendering template within layouts/feedbacks
Rendering feedbacks/show
Completed in 11ms (View: 3, DB: 3) | 200 OK [http://localhost/feedbacks/1]
  [4;35;1mSQL (0.1ms)[0m   [0mSET NAMES 'utf8'[0m
  [4;36;1mSQL (0.1ms)[0m   [0;1mSET SQL_AUTO_IS_NULL=0[0m


Processing RecruitsController#show (for 127.0.0.1 at 2010-03-12 18:41:37) [GET]
  Parameters: {"id"=>"1"}
  [4;35;1mRecruit Columns (2.4ms)[0m   [0mSHOW FIELDS FROM `recruits`[0m
  [4;36;1mRecruit Load (0.5ms)[0m   [0;1mSELECT * FROM `recruits` WHERE (`recruits`.`id` = 1) [0m
Rendering template within layouts/recruits
Rendering recruits/show
  [4;35;1mActivity Load (1.1ms)[0m   [0mSELECT * FROM `activities` WHERE (`activities`.recruit_id = 1) [0m
  [4;36;1mActivity Columns (2.3ms)[0m   [0;1mSHOW FIELDS FROM `activities`[0m
  [4;35;1mActivity::Received Columns (2.1ms)[0m   [0mSHOW FIELDS FROM `activities`[0m
Rendered recruits/_activity (13.0ms)
  [4;36;1mFeedback Load (0.3ms)[0m   [0;1mSELECT * FROM `feedbacks` WHERE (`feedbacks`.recruit_id = 1) [0m
  [4;35;1mFeedback Columns (2.3ms)[0m   [0mSHOW FIELDS FROM `feedbacks`[0m
  [4;36;1mActivity Load (0.3ms)[0m   [0;1mSELECT * FROM `activities` WHERE (`activities`.recruit_id = 1) ORDER BY created_at DESC LIMIT 1[0m
Rendered recruits/_feedback (13.5ms)
Completed in 38ms (View: 21, DB: 12) | 200 OK [http://localhost/recruits/1]
